May 10 11:11:13 ::1 (pid 1881) :Pri:ERREUR: Table 'spip.spip_forum' doesn't exist - SHOW CREATE TABLE `spip_forum`
May 10 11:11:13 ::1 (pid 1881) :Pri:ERREUR: Table 'spip.spip_documents' doesn't exist - SHOW CREATE TABLE `spip_documents`
May 10 11:11:13 ::1 (pid 1881) :Pri:ERREUR: Table 'spip.spip_mots' doesn't exist - SHOW CREATE TABLE `spip_mots`
May 10 11:11:13 ::1 (pid 1881) :Pri:ERREUR: Table 'spip.spip_groupes_mots' doesn't exist - SHOW CREATE TABLE `spip_groupes_mots`
May 10 11:11:13 ::1 (pid 1881) :Pri:ERREUR: Table 'spip.spip_messages' doesn't exist - SHOW CREATE TABLE `spip_messages`
May 10 11:11:13 ::1 (pid 1881) :Pri:ERREUR: Table 'spip.spip_petitions' doesn't exist - SHOW CREATE TABLE `spip_petitions`
May 10 11:11:13 ::1 (pid 1881) :Pri:ERREUR: Table 'spip.spip_signatures' doesn't exist - SHOW CREATE TABLE `spip_signatures`
May 10 11:11:13 ::1 (pid 1881) :Pri:ERREUR: Table 'spip.spip_syndic' doesn't exist - SHOW CREATE TABLE `spip_syndic`
May 10 11:11:13 ::1 (pid 1881) :Pri:ERREUR: Table 'spip.spip_syndic_articles' doesn't exist - SHOW CREATE TABLE `spip_syndic_articles`
May 10 11:11:13 ::1 (pid 1881) :Pri:ERREUR: Table 'spip.spip_depots' doesn't exist - SHOW CREATE TABLE `spip_depots`
May 10 11:11:13 ::1 (pid 1881) :Pri:ERREUR: Table 'spip.spip_plugins' doesn't exist - SHOW CREATE TABLE `spip_plugins`
May 10 11:11:13 ::1 (pid 1881) :Pri:ERREUR: Table 'spip.spip_paquets' doesn't exist - SHOW CREATE TABLE `spip_paquets`
May 10 11:11:13 ::1 (pid 1881) :Pri:ERREUR: Table 'spip.spip_breves' doesn't exist - SHOW CREATE TABLE `spip_breves`
May 10 11:11:13 ::1 (pid 1881) :Pri:ERREUR: Table 'spip.spip_forum' doesn't exist - SHOW CREATE TABLE `spip_forum`
May 10 11:11:13 ::1 (pid 1881) :Pri:ERREUR: Table 'spip.spip_documents' doesn't exist - SHOW CREATE TABLE `spip_documents`
May 10 11:11:13 ::1 (pid 1881) :Pri:ERREUR: Table 'spip.spip_mots' doesn't exist - SHOW CREATE TABLE `spip_mots`
May 10 11:11:13 ::1 (pid 1881) :Pri:ERREUR: Table 'spip.spip_groupes_mots' doesn't exist - SHOW CREATE TABLE `spip_groupes_mots`
May 10 11:11:13 ::1 (pid 1881) :Pri:ERREUR: Table 'spip.spip_messages' doesn't exist - SHOW CREATE TABLE `spip_messages`
May 10 11:11:13 ::1 (pid 1881) :Pri:ERREUR: Table 'spip.spip_petitions' doesn't exist - SHOW CREATE TABLE `spip_petitions`
May 10 11:11:13 ::1 (pid 1881) :Pri:ERREUR: Table 'spip.spip_signatures' doesn't exist - SHOW CREATE TABLE `spip_signatures`
May 10 11:11:13 ::1 (pid 1881) :Pri:ERREUR: Table 'spip.spip_syndic' doesn't exist - SHOW CREATE TABLE `spip_syndic`
May 10 11:11:13 ::1 (pid 1881) :Pri:ERREUR: Table 'spip.spip_syndic_articles' doesn't exist - SHOW CREATE TABLE `spip_syndic_articles`
May 10 11:11:13 ::1 (pid 1881) :Pri:ERREUR: Table 'spip.spip_depots' doesn't exist - SHOW CREATE TABLE `spip_depots`
May 10 11:11:13 ::1 (pid 1881) :Pri:ERREUR: Table 'spip.spip_plugins' doesn't exist - SHOW CREATE TABLE `spip_plugins`
May 10 11:11:13 ::1 (pid 1881) :Pri:ERREUR: Table 'spip.spip_paquets' doesn't exist - SHOW CREATE TABLE `spip_paquets`
May 10 11:11:13 ::1 (pid 1881) :Pri:ERREUR: Table 'spip.spip_breves' doesn't exist - SHOW CREATE TABLE `spip_breves`
May 10 11:11:13 ::1 (pid 1881) :Pri:ERREUR: Table 'spip.spip_forum' doesn't exist - SHOW CREATE TABLE `spip_forum`
May 10 11:11:13 ::1 (pid 1881) :Pri:ERREUR: Table 'spip.spip_forum' doesn't exist - SHOW CREATE TABLE `spip_forum`
May 10 11:11:14 ::1 (pid 1881) :Pri:ERREUR: Table 'spip.spip_documents' doesn't exist - SHOW CREATE TABLE `spip_documents`
May 10 11:11:14 ::1 (pid 1881) :Pri:ERREUR: Table 'spip.spip_mots' doesn't exist - SHOW CREATE TABLE `spip_mots`
May 10 11:11:14 ::1 (pid 1881) :Pri:ERREUR: Table 'spip.spip_groupes_mots' doesn't exist - SHOW CREATE TABLE `spip_groupes_mots`
May 10 11:11:14 ::1 (pid 1881) :Pri:ERREUR: Table 'spip.spip_messages' doesn't exist - SHOW CREATE TABLE `spip_messages`
May 10 11:11:14 ::1 (pid 1881) :Pri:ERREUR: Table 'spip.spip_petitions' doesn't exist - SHOW CREATE TABLE `spip_petitions`
May 10 11:11:14 ::1 (pid 1881) :Pri:ERREUR: Table 'spip.spip_signatures' doesn't exist - SHOW CREATE TABLE `spip_signatures`
May 10 11:11:14 ::1 (pid 1881) :Pri:ERREUR: Table 'spip.spip_syndic' doesn't exist - SHOW CREATE TABLE `spip_syndic`
May 10 11:11:14 ::1 (pid 1881) :Pri:ERREUR: Table 'spip.spip_syndic_articles' doesn't exist - SHOW CREATE TABLE `spip_syndic_articles`
May 10 11:11:14 ::1 (pid 1881) :Pri:ERREUR: Table 'spip.spip_depots' doesn't exist - SHOW CREATE TABLE `spip_depots`
May 10 11:11:14 ::1 (pid 1881) :Pri:ERREUR: Table 'spip.spip_plugins' doesn't exist - SHOW CREATE TABLE `spip_plugins`
May 10 11:11:14 ::1 (pid 1881) :Pri:ERREUR: Table 'spip.spip_paquets' doesn't exist - SHOW CREATE TABLE `spip_paquets`
May 10 11:11:14 ::1 (pid 1881) :Pri:ERREUR: Table 'spip.spip_breves' doesn't exist - SHOW CREATE TABLE `spip_breves`
May 10 11:11:14 ::1 (pid 1881) :Pri:ERREUR: Table 'spip.spip_documents' doesn't exist - SHOW CREATE TABLE `spip_documents`
May 10 11:11:14 ::1 (pid 1881) :Pri:ERREUR: Table 'spip.spip_types_documents' doesn't exist - SHOW CREATE TABLE `spip_types_documents`
May 10 11:11:14 ::1 (pid 1881) :Pri:ERREUR: Table 'spip.spip_documents' doesn't exist - SHOW CREATE TABLE `spip_documents`
May 10 11:11:14 ::1 (pid 1881) :Pri:ERREUR: Table 'spip.spip_documents_liens' doesn't exist - SHOW CREATE TABLE `spip_documents_liens`
May 10 11:11:14 ::1 (pid 1881) :Pri:ERREUR: Table 'spip.spip_mots' doesn't exist - SHOW CREATE TABLE `spip_mots`
May 10 11:11:14 ::1 (pid 1881) :Pri:ERREUR: Table 'spip.spip_groupes_mots' doesn't exist - SHOW CREATE TABLE `spip_groupes_mots`
May 10 11:11:14 ::1 (pid 1881) :Pri:ERREUR: Table 'spip.spip_messages' doesn't exist - SHOW CREATE TABLE `spip_messages`
May 10 11:11:14 ::1 (pid 1881) :Pri:ERREUR: Table 'spip.spip_petitions' doesn't exist - SHOW CREATE TABLE `spip_petitions`
May 10 11:11:14 ::1 (pid 1881) :Pri:ERREUR: Table 'spip.spip_signatures' doesn't exist - SHOW CREATE TABLE `spip_signatures`
May 10 11:11:14 ::1 (pid 1881) :Pri:ERREUR: Table 'spip.spip_syndic' doesn't exist - SHOW CREATE TABLE `spip_syndic`
May 10 11:11:14 ::1 (pid 1881) :Pri:ERREUR: Table 'spip.spip_syndic_articles' doesn't exist - SHOW CREATE TABLE `spip_syndic_articles`
May 10 11:11:14 ::1 (pid 1881) :Pri:ERREUR: Table 'spip.spip_depots' doesn't exist - SHOW CREATE TABLE `spip_depots`
May 10 11:11:14 ::1 (pid 1881) :Pri:ERREUR: Table 'spip.spip_plugins' doesn't exist - SHOW CREATE TABLE `spip_plugins`
May 10 11:11:14 ::1 (pid 1881) :Pri:ERREUR: Table 'spip.spip_paquets' doesn't exist - SHOW CREATE TABLE `spip_paquets`
May 10 11:11:14 ::1 (pid 1881) :Pri:ERREUR: Table 'spip.spip_breves' doesn't exist - SHOW CREATE TABLE `spip_breves`
May 10 11:11:14 ::1 (pid 1881) :Pri:ERREUR: Table 'spip.spip_mots' doesn't exist - SHOW CREATE TABLE `spip_mots`
May 10 11:11:14 ::1 (pid 1881) :Pri:ERREUR: Table 'spip.spip_mots' doesn't exist - SHOW CREATE TABLE `spip_mots`
May 10 11:11:14 ::1 (pid 1881) :Pri:ERREUR: Table 'spip.spip_groupes_mots' doesn't exist - SHOW CREATE TABLE `spip_groupes_mots`
May 10 11:11:15 ::1 (pid 1881) :Pri:ERREUR: Table 'spip.spip_mots_liens' doesn't exist - SHOW CREATE TABLE `spip_mots_liens`
May 10 11:11:15 ::1 (pid 1881) :Pri:ERREUR: Table 'spip.spip_messages' doesn't exist - SHOW CREATE TABLE `spip_messages`
May 10 11:11:15 ::1 (pid 1881) :Pri:ERREUR: Table 'spip.spip_petitions' doesn't exist - SHOW CREATE TABLE `spip_petitions`
May 10 11:11:15 ::1 (pid 1881) :Pri:ERREUR: Table 'spip.spip_signatures' doesn't exist - SHOW CREATE TABLE `spip_signatures`
May 10 11:11:15 ::1 (pid 1881) :Pri:ERREUR: Table 'spip.spip_syndic' doesn't exist - SHOW CREATE TABLE `spip_syndic`
May 10 11:11:15 ::1 (pid 1881) :Pri:ERREUR: Table 'spip.spip_syndic_articles' doesn't exist - SHOW CREATE TABLE `spip_syndic_articles`
May 10 11:11:15 ::1 (pid 1881) :Pri:ERREUR: Table 'spip.spip_depots' doesn't exist - SHOW CREATE TABLE `spip_depots`
May 10 11:11:15 ::1 (pid 1881) :Pri:ERREUR: Table 'spip.spip_plugins' doesn't exist - SHOW CREATE TABLE `spip_plugins`
May 10 11:11:15 ::1 (pid 1881) :Pri:ERREUR: Table 'spip.spip_paquets' doesn't exist - SHOW CREATE TABLE `spip_paquets`
May 10 11:11:15 ::1 (pid 1881) :Pri:ERREUR: Table 'spip.spip_breves' doesn't exist - SHOW CREATE TABLE `spip_breves`
May 10 11:11:15 ::1 (pid 1881) :Pri:ERREUR: Table 'spip.spip_messages' doesn't exist - SHOW CREATE TABLE `spip_messages`
May 10 11:11:15 ::1 (pid 1881) :Pri:ERREUR: Table 'spip.spip_messages' doesn't exist - SHOW CREATE TABLE `spip_messages`
May 10 11:11:15 ::1 (pid 1881) :Pri:ERREUR: Table 'spip.spip_petitions' doesn't exist - SHOW CREATE TABLE `spip_petitions`
May 10 11:11:15 ::1 (pid 1881) :Pri:ERREUR: Table 'spip.spip_signatures' doesn't exist - SHOW CREATE TABLE `spip_signatures`
May 10 11:11:15 ::1 (pid 1881) :Pri:ERREUR: Table 'spip.spip_syndic' doesn't exist - SHOW CREATE TABLE `spip_syndic`
May 10 11:11:15 ::1 (pid 1881) :Pri:ERREUR: Table 'spip.spip_syndic_articles' doesn't exist - SHOW CREATE TABLE `spip_syndic_articles`
May 10 11:11:15 ::1 (pid 1881) :Pri:ERREUR: Table 'spip.spip_depots' doesn't exist - SHOW CREATE TABLE `spip_depots`
May 10 11:11:15 ::1 (pid 1881) :Pri:ERREUR: Table 'spip.spip_plugins' doesn't exist - SHOW CREATE TABLE `spip_plugins`
May 10 11:11:15 ::1 (pid 1881) :Pri:ERREUR: Table 'spip.spip_paquets' doesn't exist - SHOW CREATE TABLE `spip_paquets`
May 10 11:11:15 ::1 (pid 1881) :Pri:ERREUR: Table 'spip.spip_breves' doesn't exist - SHOW CREATE TABLE `spip_breves`
May 10 11:11:15 ::1 (pid 1881) :Pri:ERREUR: Table 'spip.spip_signatures' doesn't exist - SHOW CREATE TABLE `spip_signatures`
May 10 11:11:15 ::1 (pid 1881) :Pri:ERREUR: Table 'spip.spip_petitions' doesn't exist - SHOW CREATE TABLE `spip_petitions`
May 10 11:11:15 ::1 (pid 1881) :Pri:ERREUR: Table 'spip.spip_signatures' doesn't exist - SHOW CREATE TABLE `spip_signatures`
May 10 11:11:16 ::1 (pid 1881) :Pri:ERREUR: Table 'spip.spip_syndic' doesn't exist - SHOW CREATE TABLE `spip_syndic`
May 10 11:11:16 ::1 (pid 1881) :Pri:ERREUR: Table 'spip.spip_syndic_articles' doesn't exist - SHOW CREATE TABLE `spip_syndic_articles`
May 10 11:11:16 ::1 (pid 1881) :Pri:ERREUR: Table 'spip.spip_depots' doesn't exist - SHOW CREATE TABLE `spip_depots`
May 10 11:11:16 ::1 (pid 1881) :Pri:ERREUR: Table 'spip.spip_plugins' doesn't exist - SHOW CREATE TABLE `spip_plugins`
May 10 11:11:16 ::1 (pid 1881) :Pri:ERREUR: Table 'spip.spip_paquets' doesn't exist - SHOW CREATE TABLE `spip_paquets`
May 10 11:11:16 ::1 (pid 1881) :Pri:ERREUR: Table 'spip.spip_breves' doesn't exist - SHOW CREATE TABLE `spip_breves`
May 10 11:11:16 ::1 (pid 1881) :Pri:ERREUR: Table 'spip.spip_versions' doesn't exist - SHOW CREATE TABLE `spip_versions`
May 10 11:11:16 ::1 (pid 1881) :Pri:ERREUR: Table 'spip.spip_versions' doesn't exist - SHOW CREATE TABLE `spip_versions`
May 10 11:11:16 ::1 (pid 1881) :Pri:ERREUR: Table 'spip.spip_versions_fragments' doesn't exist - SHOW CREATE TABLE `spip_versions_fragments`
May 10 11:11:16 ::1 (pid 1881) :Pri:ERREUR: Table 'spip.spip_syndic' doesn't exist - SHOW CREATE TABLE `spip_syndic`
May 10 11:11:16 ::1 (pid 1881) :Pri:ERREUR: Table 'spip.spip_syndic_articles' doesn't exist - SHOW CREATE TABLE `spip_syndic_articles`
May 10 11:11:16 ::1 (pid 1881) :Pri:ERREUR: Table 'spip.spip_depots' doesn't exist - SHOW CREATE TABLE `spip_depots`
May 10 11:11:16 ::1 (pid 1881) :Pri:ERREUR: Table 'spip.spip_plugins' doesn't exist - SHOW CREATE TABLE `spip_plugins`
May 10 11:11:16 ::1 (pid 1881) :Pri:ERREUR: Table 'spip.spip_paquets' doesn't exist - SHOW CREATE TABLE `spip_paquets`
May 10 11:11:16 ::1 (pid 1881) :Pri:ERREUR: Table 'spip.spip_breves' doesn't exist - SHOW CREATE TABLE `spip_breves`
May 10 11:11:16 ::1 (pid 1881) :Pri:ERREUR: Table 'spip.spip_syndic' doesn't exist - SHOW CREATE TABLE `spip_syndic`
May 10 11:11:16 ::1 (pid 1881) :Pri:ERREUR: Table 'spip.spip_syndic_articles' doesn't exist - SHOW CREATE TABLE `spip_syndic_articles`
May 10 11:11:16 ::1 (pid 1881) :Pri:ERREUR: Table 'spip.spip_depots' doesn't exist - SHOW CREATE TABLE `spip_depots`
May 10 11:11:16 ::1 (pid 1881) :Pri:ERREUR: Table 'spip.spip_plugins' doesn't exist - SHOW CREATE TABLE `spip_plugins`
May 10 11:11:16 ::1 (pid 1881) :Pri:ERREUR: Table 'spip.spip_paquets' doesn't exist - SHOW CREATE TABLE `spip_paquets`
May 10 11:11:16 ::1 (pid 1881) :Pri:ERREUR: Table 'spip.spip_breves' doesn't exist - SHOW CREATE TABLE `spip_breves`
May 10 11:11:16 ::1 (pid 1881) :Pri:ERREUR: Table 'spip.spip_syndic' doesn't exist - SHOW CREATE TABLE `spip_syndic`
May 10 11:11:16 ::1 (pid 1881) :Pri:ERREUR: Table 'spip.spip_syndic' doesn't exist - SHOW CREATE TABLE `spip_syndic`
May 10 11:11:16 ::1 (pid 1881) :Pri:ERREUR: Table 'spip.spip_syndic_articles' doesn't exist - SHOW CREATE TABLE `spip_syndic_articles`
May 10 11:11:16 ::1 (pid 1881) :Pri:ERREUR: Table 'spip.spip_depots' doesn't exist - SHOW CREATE TABLE `spip_depots`
May 10 11:11:16 ::1 (pid 1881) :Pri:ERREUR: Table 'spip.spip_plugins' doesn't exist - SHOW CREATE TABLE `spip_plugins`
May 10 11:11:16 ::1 (pid 1881) :Pri:ERREUR: Table 'spip.spip_paquets' doesn't exist - SHOW CREATE TABLE `spip_paquets`
May 10 11:11:16 ::1 (pid 1881) :Pri:ERREUR: Table 'spip.spip_breves' doesn't exist - SHOW CREATE TABLE `spip_breves`
May 10 11:11:16 ::1 (pid 1881) :Pri:ERREUR: Table 'spip.spip_visites' doesn't exist - SHOW CREATE TABLE `spip_visites`
May 10 11:11:16 ::1 (pid 1881) :Pri:ERREUR: Table 'spip.spip_visites' doesn't exist - SHOW CREATE TABLE `spip_visites`
May 10 11:11:17 ::1 (pid 1881) :Pri:ERREUR: Table 'spip.spip_visites_articles' doesn't exist - SHOW CREATE TABLE `spip_visites_articles`
May 10 11:11:17 ::1 (pid 1881) :Pri:ERREUR: Table 'spip.spip_referers' doesn't exist - SHOW CREATE TABLE `spip_referers`
May 10 11:11:17 ::1 (pid 1881) :Pri:ERREUR: Table 'spip.spip_referers_articles' doesn't exist - SHOW CREATE TABLE `spip_referers_articles`
May 10 12:12:45 ::1 (pid 1879) :Pub:ERREUR: Table 'spip.spip_articles_liens' doesn't exist - SHOW CREATE TABLE `spip_articles_liens`
May 10 12:12:45 ::1 (pid 1879) :Pub:ERREUR: Table 'spip.spip_rubriques_liens' doesn't exist - SHOW CREATE TABLE `spip_rubriques_liens`
May 10 12:12:45 ::1 (pid 1879) :Pub:ERREUR: Table 'spip.spip_breves_liens' doesn't exist - SHOW CREATE TABLE `spip_breves_liens`
May 10 12:12:45 ::1 (pid 1879) :Pub:ERREUR: Table 'spip.spip_forum_liens' doesn't exist - SHOW CREATE TABLE `spip_forum_liens`
May 10 12:12:45 ::1 (pid 1879) :Pub:ERREUR: Table 'spip.spip_syndic_liens' doesn't exist - SHOW CREATE TABLE `spip_syndic_liens`
