May 08 09:29:07 ::1 (pid 7132) :Pub:!INFO: spip_connect: fichier de connexion '' non trouve
May 08 09:29:26 ::1 (pid 7132) :Pri:!INFO: spip_connect: fichier de connexion '' non trouve
May 08 09:29:26 ::1 (pid 7132) :Pri:ERREUR: fonction execute_pipeline_declarer_tables_principales absente : pipeline desactive
May 08 09:29:26 ::1 (pid 7132) :Pri:ERREUR: fonction execute_pipeline_declarer_tables_auxiliaires absente : pipeline desactive
May 08 09:29:26 ::1 (pid 7132) :Pri:ERREUR: fonction execute_pipeline_declarer_tables_objets_sql absente : pipeline desactive
May 08 09:29:26 ::1 (pid 7132) :Pri:ERREUR: fonction execute_pipeline_declarer_tables_interfaces absente : pipeline desactive
May 08 09:29:26 ::1 (pid 7132) :Pri:ERREUR: fonction execute_pipeline_declarer_type_surnoms absente : pipeline desactive
May 08 09:29:30 ::1 (pid 7132) :Pri:ERREUR: fonction execute_pipeline_declarer_tables_principales absente : pipeline desactive
May 08 09:29:30 ::1 (pid 7132) :Pri:ERREUR: fonction execute_pipeline_declarer_tables_auxiliaires absente : pipeline desactive
May 08 09:29:30 ::1 (pid 7132) :Pri:ERREUR: fonction execute_pipeline_declarer_tables_objets_sql absente : pipeline desactive
May 08 09:29:30 ::1 (pid 7132) :Pri:ERREUR: fonction execute_pipeline_declarer_tables_interfaces absente : pipeline desactive
May 08 09:29:30 ::1 (pid 7132) :Pri:ERREUR: fonction execute_pipeline_declarer_type_surnoms absente : pipeline desactive
May 08 09:29:30 ::1 (pid 7132) :Pri:ERREUR: fonction execute_pipeline_declarer_tables_principales absente : pipeline desactive
May 08 09:29:30 ::1 (pid 7132) :Pri:ERREUR: fonction execute_pipeline_declarer_tables_auxiliaires absente : pipeline desactive
May 08 09:29:30 ::1 (pid 7132) :Pri:ERREUR: fonction execute_pipeline_declarer_tables_objets_sql absente : pipeline desactive
May 08 09:29:30 ::1 (pid 7132) :Pri:ERREUR: fonction execute_pipeline_declarer_tables_interfaces absente : pipeline desactive
May 08 09:29:30 ::1 (pid 7132) :Pri:ERREUR: fonction execute_pipeline_declarer_type_surnoms absente : pipeline desactive
May 08 09:29:30 ::1 (pid 7132) :Pri:ERREUR: fonction execute_pipeline_pre_typo absente : pipeline desactive
May 08 09:29:30 ::1 (pid 7132) :Pri:ERREUR: fonction execute_pipeline_post_typo absente : pipeline desactive
May 08 09:29:30 ::1 (pid 7132) :Pri:ERREUR: fonction execute_pipeline_pre_typo absente : pipeline desactive
May 08 09:29:30 ::1 (pid 7132) :Pri:ERREUR: fonction execute_pipeline_post_typo absente : pipeline desactive
May 08 09:29:30 ::1 (pid 7132) :Pri:ERREUR: fonction execute_pipeline_pre_typo absente : pipeline desactive
May 08 09:29:30 ::1 (pid 7132) :Pri:ERREUR: fonction execute_pipeline_post_typo absente : pipeline desactive
May 08 09:29:30 ::1 (pid 7132) :Pri:ERREUR: fonction execute_pipeline_pre_typo absente : pipeline desactive
May 08 09:29:30 ::1 (pid 7132) :Pri:ERREUR: fonction execute_pipeline_post_typo absente : pipeline desactive
May 08 09:29:30 ::1 (pid 7132) :Pri:ERREUR: fonction execute_pipeline_pre_typo absente : pipeline desactive
May 08 09:29:30 ::1 (pid 7132) :Pri:ERREUR: fonction execute_pipeline_post_typo absente : pipeline desactive
May 08 09:29:30 ::1 (pid 7132) :Pri:ERREUR: fonction execute_pipeline_pre_typo absente : pipeline desactive
May 08 09:29:30 ::1 (pid 7132) :Pri:ERREUR: fonction execute_pipeline_post_typo absente : pipeline desactive
May 08 09:29:30 ::1 (pid 7132) :Pri:ERREUR: fonction execute_pipeline_pre_typo absente : pipeline desactive
May 08 09:29:30 ::1 (pid 7132) :Pri:ERREUR: fonction execute_pipeline_post_typo absente : pipeline desactive
May 08 09:29:30 ::1 (pid 7132) :Pri:ERREUR: fonction execute_pipeline_pre_typo absente : pipeline desactive
May 08 09:29:30 ::1 (pid 7132) :Pri:ERREUR: fonction execute_pipeline_post_typo absente : pipeline desactive
May 08 09:29:30 ::1 (pid 7132) :Pri:ERREUR: fonction execute_pipeline_pre_typo absente : pipeline desactive
May 08 09:29:30 ::1 (pid 7132) :Pri:ERREUR: fonction execute_pipeline_post_typo absente : pipeline desactive
May 08 09:29:53 ::1 (pid 7132) :Pri:ERREUR: fonction execute_pipeline_declarer_tables_principales absente : pipeline desactive
May 08 09:29:53 ::1 (pid 7132) :Pri:ERREUR: fonction execute_pipeline_declarer_tables_auxiliaires absente : pipeline desactive
May 08 09:29:53 ::1 (pid 7132) :Pri:ERREUR: fonction execute_pipeline_declarer_tables_objets_sql absente : pipeline desactive
May 08 09:29:53 ::1 (pid 7132) :Pri:ERREUR: fonction execute_pipeline_declarer_tables_interfaces absente : pipeline desactive
May 08 09:29:53 ::1 (pid 7132) :Pri:ERREUR: fonction execute_pipeline_declarer_type_surnoms absente : pipeline desactive
May 08 09:29:55 ::1 (pid 7132) :Pri:ERREUR: fonction execute_pipeline_pre_typo absente : pipeline desactive
May 08 09:29:55 ::1 (pid 7132) :Pri:ERREUR: fonction execute_pipeline_post_typo absente : pipeline desactive
May 08 09:29:55 ::1 (pid 7132) :Pri:ERREUR: fonction execute_pipeline_pre_typo absente : pipeline desactive
May 08 09:29:55 ::1 (pid 7132) :Pri:ERREUR: fonction execute_pipeline_post_typo absente : pipeline desactive
May 08 09:29:55 ::1 (pid 7132) :Pri:ERREUR: fonction execute_pipeline_pre_typo absente : pipeline desactive
May 08 09:29:55 ::1 (pid 7132) :Pri:ERREUR: fonction execute_pipeline_post_typo absente : pipeline desactive
May 08 09:29:55 ::1 (pid 7132) :Pri:ERREUR: fonction execute_pipeline_pre_typo absente : pipeline desactive
May 08 09:29:55 ::1 (pid 7132) :Pri:ERREUR: fonction execute_pipeline_post_typo absente : pipeline desactive
May 08 09:29:55 ::1 (pid 7132) :Pri:ERREUR: fonction execute_pipeline_pre_typo absente : pipeline desactive
May 08 09:29:55 ::1 (pid 7132) :Pri:ERREUR: fonction execute_pipeline_post_typo absente : pipeline desactive
May 08 09:29:55 ::1 (pid 7132) :Pri:ERREUR: fonction execute_pipeline_pre_typo absente : pipeline desactive
May 08 09:29:55 ::1 (pid 7132) :Pri:ERREUR: fonction execute_pipeline_post_typo absente : pipeline desactive
May 08 09:29:55 ::1 (pid 7132) :Pri:ERREUR: fonction execute_pipeline_pre_typo absente : pipeline desactive
May 08 09:29:55 ::1 (pid 7132) :Pri:ERREUR: fonction execute_pipeline_post_typo absente : pipeline desactive
May 08 09:29:55 ::1 (pid 7132) :Pri:ERREUR: fonction execute_pipeline_pre_typo absente : pipeline desactive
May 08 09:29:55 ::1 (pid 7132) :Pri:ERREUR: fonction execute_pipeline_post_typo absente : pipeline desactive
May 08 09:29:55 ::1 (pid 7132) :Pri:ERREUR: fonction execute_pipeline_pre_typo absente : pipeline desactive
May 08 09:29:55 ::1 (pid 7132) :Pri:ERREUR: fonction execute_pipeline_post_typo absente : pipeline desactive
May 08 09:30:46 ::1 (pid 7132) :Pri:!INFO: spip_connect: fichier de connexion '' non trouve
May 08 09:30:46 ::1 (pid 7132) :Pri:ERREUR: fonction execute_pipeline_declarer_tables_principales absente : pipeline desactive
May 08 09:30:46 ::1 (pid 7132) :Pri:ERREUR: fonction execute_pipeline_declarer_tables_auxiliaires absente : pipeline desactive
May 08 09:30:46 ::1 (pid 7132) :Pri:ERREUR: fonction execute_pipeline_declarer_tables_objets_sql absente : pipeline desactive
May 08 09:30:46 ::1 (pid 7132) :Pri:ERREUR: fonction execute_pipeline_declarer_tables_interfaces absente : pipeline desactive
May 08 09:30:46 ::1 (pid 7132) :Pri:ERREUR: fonction execute_pipeline_declarer_type_surnoms absente : pipeline desactive
May 08 09:30:48 ::1 (pid 7132) :Pri:ERREUR: fonction execute_pipeline_declarer_tables_principales absente : pipeline desactive
May 08 09:30:48 ::1 (pid 7132) :Pri:ERREUR: fonction execute_pipeline_declarer_tables_auxiliaires absente : pipeline desactive
May 08 09:30:48 ::1 (pid 7132) :Pri:ERREUR: fonction execute_pipeline_declarer_tables_objets_sql absente : pipeline desactive
May 08 09:30:48 ::1 (pid 7132) :Pri:ERREUR: fonction execute_pipeline_declarer_tables_interfaces absente : pipeline desactive
May 08 09:30:48 ::1 (pid 7132) :Pri:ERREUR: fonction execute_pipeline_declarer_type_surnoms absente : pipeline desactive
May 08 09:30:49 ::1 (pid 7132) :Pri:ERREUR: fonction execute_pipeline_declarer_tables_principales absente : pipeline desactive
May 08 09:30:49 ::1 (pid 7132) :Pri:ERREUR: fonction execute_pipeline_declarer_tables_auxiliaires absente : pipeline desactive
May 08 09:30:49 ::1 (pid 7132) :Pri:ERREUR: fonction execute_pipeline_declarer_tables_objets_sql absente : pipeline desactive
May 08 09:30:49 ::1 (pid 7132) :Pri:ERREUR: fonction execute_pipeline_declarer_tables_interfaces absente : pipeline desactive
May 08 09:30:49 ::1 (pid 7132) :Pri:ERREUR: fonction execute_pipeline_declarer_type_surnoms absente : pipeline desactive
May 08 09:30:49 ::1 (pid 7132) :Pri:ERREUR: fonction execute_pipeline_pre_typo absente : pipeline desactive
May 08 09:30:49 ::1 (pid 7132) :Pri:ERREUR: fonction execute_pipeline_post_typo absente : pipeline desactive
May 08 09:30:49 ::1 (pid 7132) :Pri:ERREUR: fonction execute_pipeline_pre_typo absente : pipeline desactive
May 08 09:30:49 ::1 (pid 7132) :Pri:ERREUR: fonction execute_pipeline_post_typo absente : pipeline desactive
May 08 09:30:49 ::1 (pid 7132) :Pri:ERREUR: fonction execute_pipeline_pre_typo absente : pipeline desactive
May 08 09:30:49 ::1 (pid 7132) :Pri:ERREUR: fonction execute_pipeline_post_typo absente : pipeline desactive
May 08 09:30:49 ::1 (pid 7132) :Pri:ERREUR: fonction execute_pipeline_pre_typo absente : pipeline desactive
May 08 09:30:49 ::1 (pid 7132) :Pri:ERREUR: fonction execute_pipeline_post_typo absente : pipeline desactive
May 08 09:30:49 ::1 (pid 7132) :Pri:ERREUR: fonction execute_pipeline_pre_typo absente : pipeline desactive
May 08 09:30:49 ::1 (pid 7132) :Pri:ERREUR: fonction execute_pipeline_post_typo absente : pipeline desactive
May 08 09:30:49 ::1 (pid 7132) :Pri:ERREUR: fonction execute_pipeline_pre_typo absente : pipeline desactive
May 08 09:30:49 ::1 (pid 7132) :Pri:ERREUR: fonction execute_pipeline_post_typo absente : pipeline desactive
May 08 09:30:49 ::1 (pid 7132) :Pri:ERREUR: fonction execute_pipeline_pre_typo absente : pipeline desactive
May 08 09:30:49 ::1 (pid 7132) :Pri:ERREUR: fonction execute_pipeline_post_typo absente : pipeline desactive
May 08 09:30:49 ::1 (pid 7132) :Pri:ERREUR: fonction execute_pipeline_pre_typo absente : pipeline desactive
May 08 09:30:49 ::1 (pid 7132) :Pri:ERREUR: fonction execute_pipeline_post_typo absente : pipeline desactive
May 08 09:30:49 ::1 (pid 7132) :Pri:ERREUR: fonction execute_pipeline_pre_typo absente : pipeline desactive
May 08 09:30:49 ::1 (pid 7132) :Pri:ERREUR: fonction execute_pipeline_post_typo absente : pipeline desactive
May 08 09:30:55 ::1 (pid 7132) :Pri:ERREUR: fonction execute_pipeline_declarer_tables_principales absente : pipeline desactive
May 08 09:30:55 ::1 (pid 7132) :Pri:ERREUR: fonction execute_pipeline_declarer_tables_auxiliaires absente : pipeline desactive
May 08 09:30:55 ::1 (pid 7132) :Pri:ERREUR: fonction execute_pipeline_declarer_tables_objets_sql absente : pipeline desactive
May 08 09:30:55 ::1 (pid 7132) :Pri:ERREUR: fonction execute_pipeline_declarer_tables_interfaces absente : pipeline desactive
May 08 09:30:55 ::1 (pid 7132) :Pri:ERREUR: fonction execute_pipeline_declarer_type_surnoms absente : pipeline desactive
May 08 09:30:56 ::1 (pid 7132) :Pri:ERREUR: fonction execute_pipeline_pre_typo absente : pipeline desactive
May 08 09:30:56 ::1 (pid 7132) :Pri:ERREUR: fonction execute_pipeline_post_typo absente : pipeline desactive
May 08 09:30:56 ::1 (pid 7132) :Pri:ERREUR: fonction execute_pipeline_pre_typo absente : pipeline desactive
May 08 09:30:56 ::1 (pid 7132) :Pri:ERREUR: fonction execute_pipeline_post_typo absente : pipeline desactive
May 08 09:30:56 ::1 (pid 7132) :Pri:ERREUR: fonction execute_pipeline_pre_typo absente : pipeline desactive
May 08 09:30:56 ::1 (pid 7132) :Pri:ERREUR: fonction execute_pipeline_post_typo absente : pipeline desactive
May 08 09:30:56 ::1 (pid 7132) :Pri:ERREUR: fonction execute_pipeline_pre_typo absente : pipeline desactive
May 08 09:30:56 ::1 (pid 7132) :Pri:ERREUR: fonction execute_pipeline_post_typo absente : pipeline desactive
May 08 09:30:56 ::1 (pid 7132) :Pri:ERREUR: fonction execute_pipeline_pre_typo absente : pipeline desactive
May 08 09:30:56 ::1 (pid 7132) :Pri:ERREUR: fonction execute_pipeline_post_typo absente : pipeline desactive
May 08 09:30:56 ::1 (pid 7132) :Pri:ERREUR: fonction execute_pipeline_pre_typo absente : pipeline desactive
May 08 09:30:56 ::1 (pid 7132) :Pri:ERREUR: fonction execute_pipeline_post_typo absente : pipeline desactive
May 08 09:30:56 ::1 (pid 7132) :Pri:ERREUR: fonction execute_pipeline_pre_typo absente : pipeline desactive
May 08 09:30:56 ::1 (pid 7132) :Pri:ERREUR: fonction execute_pipeline_post_typo absente : pipeline desactive
May 08 09:30:56 ::1 (pid 7132) :Pri:ERREUR: fonction execute_pipeline_pre_typo absente : pipeline desactive
May 08 09:30:56 ::1 (pid 7132) :Pri:ERREUR: fonction execute_pipeline_post_typo absente : pipeline desactive
May 08 09:30:56 ::1 (pid 7132) :Pri:ERREUR: fonction execute_pipeline_pre_typo absente : pipeline desactive
May 08 09:30:56 ::1 (pid 7132) :Pri:ERREUR: fonction execute_pipeline_post_typo absente : pipeline desactive
May 08 09:31:11 ::1 (pid 7132) :Pri:ERREUR: fonction execute_pipeline_declarer_tables_principales absente : pipeline desactive
May 08 09:31:11 ::1 (pid 7132) :Pri:ERREUR: fonction execute_pipeline_declarer_tables_auxiliaires absente : pipeline desactive
May 08 09:31:11 ::1 (pid 7132) :Pri:ERREUR: fonction execute_pipeline_declarer_tables_objets_sql absente : pipeline desactive
May 08 09:31:12 ::1 (pid 7132) :Pri:ERREUR: fonction execute_pipeline_declarer_tables_interfaces absente : pipeline desactive
May 08 09:31:12 ::1 (pid 7132) :Pri:ERREUR: fonction execute_pipeline_declarer_type_surnoms absente : pipeline desactive
May 08 09:31:16 ::1 (pid 7132) :Pri:ERREUR: fonction execute_pipeline_pre_typo absente : pipeline desactive
May 08 09:31:16 ::1 (pid 7132) :Pri:ERREUR: fonction execute_pipeline_post_typo absente : pipeline desactive
May 08 09:31:16 ::1 (pid 7132) :Pri:ERREUR: fonction execute_pipeline_pre_typo absente : pipeline desactive
May 08 09:31:16 ::1 (pid 7132) :Pri:ERREUR: fonction execute_pipeline_post_typo absente : pipeline desactive
May 08 09:31:16 ::1 (pid 7132) :Pri:ERREUR: fonction execute_pipeline_pre_typo absente : pipeline desactive
May 08 09:31:16 ::1 (pid 7132) :Pri:ERREUR: fonction execute_pipeline_post_typo absente : pipeline desactive
May 08 09:31:16 ::1 (pid 7132) :Pri:ERREUR: fonction execute_pipeline_pre_typo absente : pipeline desactive
May 08 09:31:16 ::1 (pid 7132) :Pri:ERREUR: fonction execute_pipeline_post_typo absente : pipeline desactive
May 08 09:31:16 ::1 (pid 7132) :Pri:ERREUR: fonction execute_pipeline_pre_typo absente : pipeline desactive
May 08 09:31:16 ::1 (pid 7132) :Pri:ERREUR: fonction execute_pipeline_post_typo absente : pipeline desactive
May 08 09:31:16 ::1 (pid 7132) :Pri:ERREUR: fonction execute_pipeline_pre_typo absente : pipeline desactive
May 08 09:31:16 ::1 (pid 7132) :Pri:ERREUR: fonction execute_pipeline_post_typo absente : pipeline desactive
May 08 09:31:16 ::1 (pid 7132) :Pri:ERREUR: fonction execute_pipeline_pre_typo absente : pipeline desactive
May 08 09:31:16 ::1 (pid 7132) :Pri:ERREUR: fonction execute_pipeline_post_typo absente : pipeline desactive
May 08 09:31:16 ::1 (pid 7132) :Pri:ERREUR: fonction execute_pipeline_pre_typo absente : pipeline desactive
May 08 09:31:16 ::1 (pid 7132) :Pri:ERREUR: fonction execute_pipeline_post_typo absente : pipeline desactive
May 08 09:31:16 ::1 (pid 7132) :Pri:ERREUR: fonction execute_pipeline_pre_typo absente : pipeline desactive
May 08 09:31:16 ::1 (pid 7132) :Pri:ERREUR: fonction execute_pipeline_post_typo absente : pipeline desactive
May 08 09:32:19 ::1 (pid 7132) :Pri:ERREUR: fonction execute_pipeline_taches_generales_cron absente : pipeline desactive
May 08 09:32:19 ::1 (pid 7132) :Pri:CRITIQUE: Re-entrance anormale sur lister_tables_objets_sql :array (
  0 => 
  array (
    'file' => 'C:\\wamp\\www\\UXD\\ecrire\\base\\trouver_table.php',
    'line' => 73,
    'function' => 'lister_tables_objets_sql',
    'args' => 
    array (
      0 => '::md5',
    ),
  ),
  1 => 
  array (
    'file' => 'C:\\wamp\\www\\UXD\\ecrire\\base\\abstract_sql.php',
    'line' => 1289,
    'function' => 'base_trouver_table_dist',
    'args' => 
    array (
      0 => 'spip_meta',
      1 => '',
    ),
  ),
  2 => 
  array (
    'file' => 'C:\\wamp\\www\\UXD\\ecrire\\req\\mysql.php',
    'line' => 865,
    'function' => 'description_table',
    'args' => 
    array (
      0 => 'spip_meta',
      1 => '',
    ),
  ),
  3 => 
  array (
    'file' => 'C:\\wamp\\www\\UXD\\ecrire\\base\\abstract_sql.php',
    'line' => 494,
    'function' => 'spip_mysql_insertq',
    'args' => 
    array (
      0 => 'spip_meta',
      1 => 
      array (
        'nom' => 'langues_proposees',
        'valeur' => 'ar,ast,ay,bg,br,bs,ca,co,cpf,cpf_hat,cs,da,de,en,eo,es,eu,fa,fon,fr,gl,he,hu,id,it,it_fem,ja,km,lb,my,nl,oc_auv,oc_gsc,oc_lms,oc_lnc,oc_ni,oc_ni_la,oc_prv,oc_va,pl,pt,pt_br,ro,ru,sk,sv,tr,vi,zh',
      ),
      2 => 
      array (
      ),
      3 => '',
      4 => true,
    ),
  ),
  4 => 
  array (
    'file' => 'C:\\wamp\\www\\UXD\\ecrire\\inc\\meta.php',
    'line' => 149,
    'function' => 'sql_insertq',
    'args' => 
    array (
      0 => 'spip_meta',
      1 => 
      array (
        'nom' => 'langues_proposees',
        'valeur' => 'ar,ast,ay,bg,br,bs,ca,co,cpf,cpf_hat,cs,da,de,en,eo,es,eu,fa,fon,fr,gl,he,hu,id,it,it_fem,ja,km,lb,my,nl,oc_auv,oc_gsc,oc_lms,oc_lnc,oc_ni,oc_ni_la,oc_prv,oc_va,pl,pt,pt_br,ro,ru,sk,sv,tr,vi,zh',
      ),
    ),
  ),
  5 => 
  array (
    'file' => 'C:\\wamp\\www\\UXD\\ecrire\\inc\\lang.php',
    'line' => 414,
    'function' => 'ecrire_meta',
    'args' => 
    array (
      0 => 'langues_proposees',
      1 => 'ar,ast,ay,bg,br,bs,ca,co,cpf,cpf_hat,cs,da,de,en,eo,es,eu,fa,fon,fr,gl,he,hu,id,it,it_fem,ja,km,lb,my,nl,oc_auv,oc_gsc,oc_lms,oc_lnc,oc_ni,oc_ni_la,oc_prv,oc_va,pl,pt,pt_br,ro,ru,sk,sv,tr,vi,zh',
    ),
  ),
  6 => 
  array (
    'file' => 'C:\\wamp\\www\\UXD\\ecrire\\inc\\lang.php',
    'line' => 445,
    'function' => 'init_langues',
    'args' => 
    array (
    ),
  ),
  7 => 
  array (
    'file' => 'C:\\wamp\\www\\UXD\\ecrire\\inc\\utils.php',
    'line' => 957,
    'args' => 
    array (
      0 => 'C:\\wamp\\www\\UXD\\ecrire\\inc\\lang.php',
    ),
    'function' => 'include_once',
  ),
  8 => 
  array (
    'file' => 'C:\\wamp\\www\\UXD\\ecrire\\inc\\utils.php',
    'line' => 92,
    'function' => 'find_in_path',
    'args' => 
    array (
      0 => 'inc/lang.php',
      1 => '',
      2 => true,
    ),
  ),
  9 => 
  array (
    'file' => 'C:\\wamp\\www\\UXD\\ecrire\\inc\\utils.php',
    'line' => 488,
    'function' => 'include_spip',
    'args' => 
    array (
      0 => 'inc/lang',
    ),
  ),
  10 => 
  array (
    'file' => 'C:\\wamp\\www\\UXD\\ecrire\\inc\\genie.php',
    'line' => 184,
    'function' => '_T',
    'args' => 
    array (
      0 => 'tache_cron_secondes',
      1 => 
      array (
        'function' => 'queue_watch',
        'nb' => 86400,
      ),
    ),
  ),
  11 => 
  array (
    'file' => 'C:\\wamp\\www\\UXD\\ecrire\\inc\\genie.php',
    'line' => 145,
    'function' => 'queue_genie_replan_job',
    'args' => 
    array (
      0 => 'queue_watch',
      1 => 86400,
      2 => 1367956474,
      3 => 0,
    ),
  ),
  12 => 
  array (
    'file' => 'C:\\wamp\\www\\UXD\\ecrire\\inc\\plugin.php',
    'line' => 512,
    'function' => 'genie_queue_watch_dist',
    'args' => 
    array (
    ),
  ),
  13 => 
  array (
    'file' => 'C:\\wamp\\www\\UXD\\ecrire\\inc\\plugin.php',
    'line' => 430,
    'function' => 'ecrire_plugin_actifs',
    'args' => 
    array (
      0 => '',
      1 => false,
      2 => 'force',
    ),
  ),
  14 => 
  array (
    'file' => 'C:\\wamp\\www\\UXD\\ecrire\\inc\\utils.php',
    'line' => 140,
    'function' => 'actualise_plugins_actifs',
    'args' => 
    array (
    ),
  ),
  15 => 
  array (
    'file' => 'C:\\wamp\\www\\UXD\\ecrire\\base\\objets.php',
    'line' => 331,
    'function' => 'pipeline',
    'args' => 
    array (
      0 => 'declarer_tables_principales',
      1 => 
      array (
        'spip_jobs' => 
        array (
          'field' => 
          array (
            'id_job' => 'bigint(21) NOT NULL',
            'descriptif' => 'text DEFAULT \'\' NOT NULL',
            'fonction' => 'varchar(255) NOT NULL',
            'args' => 'longblob DEFAULT \'\' NOT NULL',
            'md5args' => 'char(32) NOT NULL default \'\'',
            'inclure' => 'varchar(255) NOT NULL',
            'priorite' => 'smallint(6) NOT NULL default 0',
            'date' => 'datetime DEFAULT \'0000-00-00 00:00:00\' NOT NULL',
            'status' => 'tinyint NOT NULL default 1',
          ),
          'key' => 
          array (
            'PRIMARY KEY' => 'id_job',
            'KEY date' => 'date',
            'KEY status' => 'status',
          ),
        ),
      ),
    ),
  ),
  16 => 
  array (
    'file' => 'C:\\wamp\\www\\UXD\\ecrire\\base\\trouver_table.php',
    'line' => 73,
    'function' => 'lister_tables_objets_sql',
    'args' => 
    array (
      0 => '::md5',
    ),
  ),
  17 => 
  array (
    'file' => 'C:\\wamp\\www\\UXD\\ecrire\\base\\abstract_sql.php',
    'line' => 1289,
    'function' => 'base_trouver_table_dist',
    'args' => 
    array (
      0 => 'spip_meta',
      1 => '',
    ),
  ),
  18 => 
  array (
    'file' => 'C:\\wamp\\www\\UXD\\ecrire\\req\\mysql.php',
    'line' => 865,
    'function' => 'description_table',
    'args' => 
    array (
      0 => 'spip_meta',
      1 => '',
    ),
  ),
  19 => 
  array (
    'file' => 'C:\\wamp\\www\\UXD\\ecrire\\base\\abstract_sql.php',
    'line' => 494,
    'function' => 'spip_mysql_insertq',
    'args' => 
    array (
      0 => 'spip_meta',
      1 => 
      array (
        'nom' => 'charset',
        'valeur' => 'utf-8',
      ),
      2 => 
      array (
      ),
      3 => '',
      4 => true,
    ),
  ),
  20 => 
  array (
    'file' => 'C:\\wamp\\www\\UXD\\ecrire\\inc\\meta.php',
    'line' => 149,
    'function' => 'sql_insertq',
    'args' => 
    array (
      0 => 'spip_meta',
      1 => 
      array (
        'nom' => 'charset',
        'valeur' => 'utf-8',
      ),
    ),
  ),
  21 => 
  array (
    'file' => 'C:\\wamp\\www\\UXD\\ecrire\\inc\\meta.php',
    'line' => 72,
    'function' => 'ecrire_meta',
    'args' => 
    array (
      0 => 'charset',
      1 => 'utf-8',
      2 => NULL,
      3 => 'meta',
    ),
  ),
  22 => 
  array (
    'file' => 'C:\\wamp\\www\\UXD\\ecrire\\inc\\meta.php',
    'line' => 38,
    'function' => 'lire_metas',
    'args' => 
    array (
      0 => 'meta',
    ),
  ),
  23 => 
  array (
    'file' => 'C:\\wamp\\www\\UXD\\ecrire\\inc\\utils.php',
    'line' => 1633,
    'function' => 'inc_meta_dist',
    'args' => 
    array (
    ),
  ),
  24 => 
  array (
    'file' => 'C:\\wamp\\www\\UXD\\ecrire\\inc_version.php',
    'line' => 343,
    'function' => 'spip_initialisation_core',
    'args' => 
    array (
      0 => '../config/',
      1 => '../IMG/',
      2 => '../tmp/',
      3 => '../local/',
    ),
  ),
  25 => 
  array (
    'file' => 'C:\\wamp\\www\\UXD\\ecrire\\index.php',
    'line' => 14,
    'args' => 
    array (
      0 => 'C:\\wamp\\www\\UXD\\ecrire\\inc_version.php',
    ),
    'function' => 'include',
  ),
)
May 08 09:32:20 ::1 (pid 7132) :Pri:CRITIQUE: Re-entrance anormale sur lister_tables_objets_sql :array (
  0 => 
  array (
    'file' => 'C:\\wamp\\www\\UXD\\ecrire\\base\\trouver_table.php',
    'line' => 73,
    'function' => 'lister_tables_objets_sql',
    'args' => 
    array (
      0 => '::md5',
    ),
  ),
  1 => 
  array (
    'file' => 'C:\\wamp\\www\\UXD\\ecrire\\base\\abstract_sql.php',
    'line' => 1289,
    'function' => 'base_trouver_table_dist',
    'args' => 
    array (
      0 => 'spip_jobs',
      1 => '',
    ),
  ),
  2 => 
  array (
    'file' => 'C:\\wamp\\www\\UXD\\ecrire\\req\\mysql.php',
    'line' => 865,
    'function' => 'description_table',
    'args' => 
    array (
      0 => 'spip_jobs',
      1 => '',
    ),
  ),
  3 => 
  array (
    'file' => 'C:\\wamp\\www\\UXD\\ecrire\\base\\abstract_sql.php',
    'line' => 494,
    'function' => 'spip_mysql_insertq',
    'args' => 
    array (
      0 => 'spip_jobs',
      1 => 
      array (
        'fonction' => 'queue_watch',
        'descriptif' => 'Tâche CRON queue_watch (toutes les 86400 s)',
        'args' => 'a:1:{i:0;d:1367956474;}',
        'md5args' => '2bd5aad4e029540de6f6f7b9e87dc39d',
        'inclure' => 'genie/',
        'priorite' => 0,
        'date' => '2013-05-08 09:32:20',
        'status' => 1,
      ),
      2 => 
      array (
      ),
      3 => '',
      4 => true,
    ),
  ),
  4 => 
  array (
    'file' => 'C:\\wamp\\www\\UXD\\ecrire\\inc\\queue.php',
    'line' => 92,
    'function' => 'sql_insertq',
    'args' => 
    array (
      0 => 'spip_jobs',
      1 => 
      array (
        'fonction' => 'queue_watch',
        'descriptif' => 'Tâche CRON queue_watch (toutes les 86400 s)',
        'args' => 'a:1:{i:0;d:1367956474;}',
        'md5args' => '2bd5aad4e029540de6f6f7b9e87dc39d',
        'inclure' => 'genie/',
        'priorite' => 0,
        'date' => '2013-05-08 09:32:20',
        'status' => 1,
      ),
    ),
  ),
  5 => 
  array (
    'file' => 'C:\\wamp\\www\\UXD\\ecrire\\inc\\genie.php',
    'line' => 184,
    'function' => 'queue_add_job',
    'args' => 
    array (
      0 => 'queue_watch',
      1 => 'Tâche CRON queue_watch (toutes les 86400 s)',
      2 => 
      array (
        0 => 1367956474,
      ),
      3 => 'genie/',
      4 => 'function_only',
      5 => 0,
      6 => 0,
    ),
  ),
  6 => 
  array (
    'file' => 'C:\\wamp\\www\\UXD\\ecrire\\inc\\genie.php',
    'line' => 145,
    'function' => 'queue_genie_replan_job',
    'args' => 
    array (
      0 => 'queue_watch',
      1 => 86400,
      2 => 1367956474,
      3 => 0,
    ),
  ),
  7 => 
  array (
    'file' => 'C:\\wamp\\www\\UXD\\ecrire\\inc\\plugin.php',
    'line' => 512,
    'function' => 'genie_queue_watch_dist',
    'args' => 
    array (
    ),
  ),
  8 => 
  array (
    'file' => 'C:\\wamp\\www\\UXD\\ecrire\\inc\\plugin.php',
    'line' => 430,
    'function' => 'ecrire_plugin_actifs',
    'args' => 
    array (
      0 => '',
      1 => false,
      2 => 'force',
    ),
  ),
  9 => 
  array (
    'file' => 'C:\\wamp\\www\\UXD\\ecrire\\inc\\utils.php',
    'line' => 140,
    'function' => 'actualise_plugins_actifs',
    'args' => 
    array (
    ),
  ),
  10 => 
  array (
    'file' => 'C:\\wamp\\www\\UXD\\ecrire\\base\\objets.php',
    'line' => 331,
    'function' => 'pipeline',
    'args' => 
    array (
      0 => 'declarer_tables_principales',
      1 => 
      array (
        'spip_jobs' => 
        array (
          'field' => 
          array (
            'id_job' => 'bigint(21) NOT NULL',
            'descriptif' => 'text DEFAULT \'\' NOT NULL',
            'fonction' => 'varchar(255) NOT NULL',
            'args' => 'longblob DEFAULT \'\' NOT NULL',
            'md5args' => 'char(32) NOT NULL default \'\'',
            'inclure' => 'varchar(255) NOT NULL',
            'priorite' => 'smallint(6) NOT NULL default 0',
            'date' => 'datetime DEFAULT \'0000-00-00 00:00:00\' NOT NULL',
            'status' => 'tinyint NOT NULL default 1',
          ),
          'key' => 
          array (
            'PRIMARY KEY' => 'id_job',
            'KEY date' => 'date',
            'KEY status' => 'status',
          ),
        ),
      ),
    ),
  ),
  11 => 
  array (
    'file' => 'C:\\wamp\\www\\UXD\\ecrire\\base\\trouver_table.php',
    'line' => 73,
    'function' => 'lister_tables_objets_sql',
    'args' => 
    array (
      0 => '::md5',
    ),
  ),
  12 => 
  array (
    'file' => 'C:\\wamp\\www\\UXD\\ecrire\\base\\abstract_sql.php',
    'line' => 1289,
    'function' => 'base_trouver_table_dist',
    'args' => 
    array (
      0 => 'spip_meta',
      1 => '',
    ),
  ),
  13 => 
  array (
    'file' => 'C:\\wamp\\www\\UXD\\ecrire\\req\\mysql.php',
    'line' => 865,
    'function' => 'description_table',
    'args' => 
    array (
      0 => 'spip_meta',
      1 => '',
    ),
  ),
  14 => 
  array (
    'file' => 'C:\\wamp\\www\\UXD\\ecrire\\base\\abstract_sql.php',
    'line' => 494,
    'function' => 'spip_mysql_insertq',
    'args' => 
    array (
      0 => 'spip_meta',
      1 => 
      array (
        'nom' => 'charset',
        'valeur' => 'utf-8',
      ),
      2 => 
      array (
      ),
      3 => '',
      4 => true,
    ),
  ),
  15 => 
  array (
    'file' => 'C:\\wamp\\www\\UXD\\ecrire\\inc\\meta.php',
    'line' => 149,
    'function' => 'sql_insertq',
    'args' => 
    array (
      0 => 'spip_meta',
      1 => 
      array (
        'nom' => 'charset',
        'valeur' => 'utf-8',
      ),
    ),
  ),
  16 => 
  array (
    'file' => 'C:\\wamp\\www\\UXD\\ecrire\\inc\\meta.php',
    'line' => 72,
    'function' => 'ecrire_meta',
    'args' => 
    array (
      0 => 'charset',
      1 => 'utf-8',
      2 => NULL,
      3 => 'meta',
    ),
  ),
  17 => 
  array (
    'file' => 'C:\\wamp\\www\\UXD\\ecrire\\inc\\meta.php',
    'line' => 38,
    'function' => 'lire_metas',
    'args' => 
    array (
      0 => 'meta',
    ),
  ),
  18 => 
  array (
    'file' => 'C:\\wamp\\www\\UXD\\ecrire\\inc\\utils.php',
    'line' => 1633,
    'function' => 'inc_meta_dist',
    'args' => 
    array (
    ),
  ),
  19 => 
  array (
    'file' => 'C:\\wamp\\www\\UXD\\ecrire\\inc_version.php',
    'line' => 343,
    'function' => 'spip_initialisation_core',
    'args' => 
    array (
      0 => '../config/',
      1 => '../IMG/',
      2 => '../tmp/',
      3 => '../local/',
    ),
  ),
  20 => 
  array (
    'file' => 'C:\\wamp\\www\\UXD\\ecrire\\index.php',
    'line' => 14,
    'args' => 
    array (
      0 => 'C:\\wamp\\www\\UXD\\ecrire\\inc_version.php',
    ),
    'function' => 'include',
  ),
)
May 08 09:32:20 ::1 (pid 7132) :Pri:CRITIQUE: Re-entrance anormale sur lister_tables_objets_sql :array (
  0 => 
  array (
    'file' => 'C:\\wamp\\www\\UXD\\ecrire\\base\\trouver_table.php',
    'line' => 164,
    'function' => 'lister_tables_objets_sql',
    'args' => 
    array (
      0 => 'spip_jobs',
      1 => 
      array (
        'field' => 
        array (
          'id_job' => 'bigint(21) NOT NULL AUTO_INCREMENT',
          'descriptif' => 'text NOT NULL',
          'fonction' => 'varchar(255) NOT NULL',
          'args' => 'longblob NOT NULL',
          'md5args' => 'char(32) NOT NULL DEFAULT \'\'',
          'inclure' => 'varchar(255) NOT NULL',
          'priorite' => 'smallint(6) NOT NULL DEFAULT \'0\'',
          'date' => 'datetime NOT NULL DEFAULT \'0000-00-00 00:00:00\'',
          'status' => 'tinyint(4) NOT NULL DEFAULT \'1\'',
        ),
        'key' => 
        array (
          'PRIMARY KEY' => 'id_job',
          'KEY date' => 'date',
          'KEY status' => 'status',
        ),
        'exist' => true,
        'table_sql' => 'spip_jobs',
        'table' => 'spip_jobs',
        'connexion' => '',
      ),
    ),
  ),
  1 => 
  array (
    'file' => 'C:\\wamp\\www\\UXD\\ecrire\\base\\abstract_sql.php',
    'line' => 1289,
    'function' => 'base_trouver_table_dist',
    'args' => 
    array (
      0 => 'spip_jobs',
      1 => '',
    ),
  ),
  2 => 
  array (
    'file' => 'C:\\wamp\\www\\UXD\\ecrire\\req\\mysql.php',
    'line' => 865,
    'function' => 'description_table',
    'args' => 
    array (
      0 => 'spip_jobs',
      1 => '',
    ),
  ),
  3 => 
  array (
    'file' => 'C:\\wamp\\www\\UXD\\ecrire\\base\\abstract_sql.php',
    'line' => 494,
    'function' => 'spip_mysql_insertq',
    'args' => 
    array (
      0 => 'spip_jobs',
      1 => 
      array (
        'fonction' => 'queue_watch',
        'descriptif' => 'Tâche CRON queue_watch (toutes les 86400 s)',
        'args' => 'a:1:{i:0;d:1367956474;}',
        'md5args' => '2bd5aad4e029540de6f6f7b9e87dc39d',
        'inclure' => 'genie/',
        'priorite' => 0,
        'date' => '2013-05-08 09:32:20',
        'status' => 1,
      ),
      2 => 
      array (
      ),
      3 => '',
      4 => true,
    ),
  ),
  4 => 
  array (
    'file' => 'C:\\wamp\\www\\UXD\\ecrire\\inc\\queue.php',
    'line' => 92,
    'function' => 'sql_insertq',
    'args' => 
    array (
      0 => 'spip_jobs',
      1 => 
      array (
        'fonction' => 'queue_watch',
        'descriptif' => 'Tâche CRON queue_watch (toutes les 86400 s)',
        'args' => 'a:1:{i:0;d:1367956474;}',
        'md5args' => '2bd5aad4e029540de6f6f7b9e87dc39d',
        'inclure' => 'genie/',
        'priorite' => 0,
        'date' => '2013-05-08 09:32:20',
        'status' => 1,
      ),
    ),
  ),
  5 => 
  array (
    'file' => 'C:\\wamp\\www\\UXD\\ecrire\\inc\\genie.php',
    'line' => 184,
    'function' => 'queue_add_job',
    'args' => 
    array (
      0 => 'queue_watch',
      1 => 'Tâche CRON queue_watch (toutes les 86400 s)',
      2 => 
      array (
        0 => 1367956474,
      ),
      3 => 'genie/',
      4 => 'function_only',
      5 => 0,
      6 => 0,
    ),
  ),
  6 => 
  array (
    'file' => 'C:\\wamp\\www\\UXD\\ecrire\\inc\\genie.php',
    'line' => 145,
    'function' => 'queue_genie_replan_job',
    'args' => 
    array (
      0 => 'queue_watch',
      1 => 86400,
      2 => 1367956474,
      3 => 0,
    ),
  ),
  7 => 
  array (
    'file' => 'C:\\wamp\\www\\UXD\\ecrire\\inc\\plugin.php',
    'line' => 512,
    'function' => 'genie_queue_watch_dist',
    'args' => 
    array (
    ),
  ),
  8 => 
  array (
    'file' => 'C:\\wamp\\www\\UXD\\ecrire\\inc\\plugin.php',
    'line' => 430,
    'function' => 'ecrire_plugin_actifs',
    'args' => 
    array (
      0 => '',
      1 => false,
      2 => 'force',
    ),
  ),
  9 => 
  array (
    'file' => 'C:\\wamp\\www\\UXD\\ecrire\\inc\\utils.php',
    'line' => 140,
    'function' => 'actualise_plugins_actifs',
    'args' => 
    array (
    ),
  ),
  10 => 
  array (
    'file' => 'C:\\wamp\\www\\UXD\\ecrire\\base\\objets.php',
    'line' => 331,
    'function' => 'pipeline',
    'args' => 
    array (
      0 => 'declarer_tables_principales',
      1 => 
      array (
        'spip_jobs' => 
        array (
          'field' => 
          array (
            'id_job' => 'bigint(21) NOT NULL',
            'descriptif' => 'text DEFAULT \'\' NOT NULL',
            'fonction' => 'varchar(255) NOT NULL',
            'args' => 'longblob DEFAULT \'\' NOT NULL',
            'md5args' => 'char(32) NOT NULL default \'\'',
            'inclure' => 'varchar(255) NOT NULL',
            'priorite' => 'smallint(6) NOT NULL default 0',
            'date' => 'datetime DEFAULT \'0000-00-00 00:00:00\' NOT NULL',
            'status' => 'tinyint NOT NULL default 1',
          ),
          'key' => 
          array (
            'PRIMARY KEY' => 'id_job',
            'KEY date' => 'date',
            'KEY status' => 'status',
          ),
        ),
      ),
    ),
  ),
  11 => 
  array (
    'file' => 'C:\\wamp\\www\\UXD\\ecrire\\base\\trouver_table.php',
    'line' => 73,
    'function' => 'lister_tables_objets_sql',
    'args' => 
    array (
      0 => '::md5',
    ),
  ),
  12 => 
  array (
    'file' => 'C:\\wamp\\www\\UXD\\ecrire\\base\\abstract_sql.php',
    'line' => 1289,
    'function' => 'base_trouver_table_dist',
    'args' => 
    array (
      0 => 'spip_meta',
      1 => '',
    ),
  ),
  13 => 
  array (
    'file' => 'C:\\wamp\\www\\UXD\\ecrire\\req\\mysql.php',
    'line' => 865,
    'function' => 'description_table',
    'args' => 
    array (
      0 => 'spip_meta',
      1 => '',
    ),
  ),
  14 => 
  array (
    'file' => 'C:\\wamp\\www\\UXD\\ecrire\\base\\abstract_sql.php',
    'line' => 494,
    'function' => 'spip_mysql_insertq',
    'args' => 
    array (
      0 => 'spip_meta',
      1 => 
      array (
        'nom' => 'charset',
        'valeur' => 'utf-8',
      ),
      2 => 
      array (
      ),
      3 => '',
      4 => true,
    ),
  ),
  15 => 
  array (
    'file' => 'C:\\wamp\\www\\UXD\\ecrire\\inc\\meta.php',
    'line' => 149,
    'function' => 'sql_insertq',
    'args' => 
    array (
      0 => 'spip_meta',
      1 => 
      array (
        'nom' => 'charset',
        'valeur' => 'utf-8',
      ),
    ),
  ),
  16 => 
  array (
    'file' => 'C:\\wamp\\www\\UXD\\ecrire\\inc\\meta.php',
    'line' => 72,
    'function' => 'ecrire_meta',
    'args' => 
    array (
      0 => 'charset',
      1 => 'utf-8',
      2 => NULL,
      3 => 'meta',
    ),
  ),
  17 => 
  array (
    'file' => 'C:\\wamp\\www\\UXD\\ecrire\\inc\\meta.php',
    'line' => 38,
    'function' => 'lire_metas',
    'args' => 
    array (
      0 => 'meta',
    ),
  ),
  18 => 
  array (
    'file' => 'C:\\wamp\\www\\UXD\\ecrire\\inc\\utils.php',
    'line' => 1633,
    'function' => 'inc_meta_dist',
    'args' => 
    array (
    ),
  ),
  19 => 
  array (
    'file' => 'C:\\wamp\\www\\UXD\\ecrire\\inc_version.php',
    'line' => 343,
    'function' => 'spip_initialisation_core',
    'args' => 
    array (
      0 => '../config/',
      1 => '../IMG/',
      2 => '../tmp/',
      3 => '../local/',
    ),
  ),
  20 => 
  array (
    'file' => 'C:\\wamp\\www\\UXD\\ecrire\\index.php',
    'line' => 14,
    'args' => 
    array (
      0 => 'C:\\wamp\\www\\UXD\\ecrire\\inc_version.php',
    ),
    'function' => 'include',
  ),
)
May 08 09:32:20 ::1 (pid 7132) :Pri:CRITIQUE: Re-entrance anormale sur lister_tables_objets_sql :array (
  0 => 
  array (
    'file' => 'C:\\wamp\\www\\UXD\\ecrire\\base\\trouver_table.php',
    'line' => 73,
    'function' => 'lister_tables_objets_sql',
    'args' => 
    array (
      0 => '::md5',
    ),
  ),
  1 => 
  array (
    'file' => 'C:\\wamp\\www\\UXD\\ecrire\\base\\abstract_sql.php',
    'line' => 1289,
    'function' => 'base_trouver_table_dist',
    'args' => 
    array (
      0 => 'spip_jobs',
      1 => '',
    ),
  ),
  2 => 
  array (
    'file' => 'C:\\wamp\\www\\UXD\\ecrire\\req\\mysql.php',
    'line' => 865,
    'function' => 'description_table',
    'args' => 
    array (
      0 => 'spip_jobs',
      1 => '',
    ),
  ),
  3 => 
  array (
    'file' => 'C:\\wamp\\www\\UXD\\ecrire\\base\\abstract_sql.php',
    'line' => 494,
    'function' => 'spip_mysql_insertq',
    'args' => 
    array (
      0 => 'spip_jobs',
      1 => 
      array (
        'fonction' => 'optimiser',
        'descriptif' => 'Tâche CRON optimiser (toutes les 172800 s)',
        'args' => 'a:1:{i:0;d:1367914873;}',
        'md5args' => '72812bfd3229d60ed57b4de37516b0da',
        'inclure' => 'genie/',
        'priorite' => 0,
        'date' => '2013-05-08 09:32:20',
        'status' => 1,
      ),
      2 => 
      array (
      ),
      3 => '',
      4 => true,
    ),
  ),
  4 => 
  array (
    'file' => 'C:\\wamp\\www\\UXD\\ecrire\\inc\\queue.php',
    'line' => 92,
    'function' => 'sql_insertq',
    'args' => 
    array (
      0 => 'spip_jobs',
      1 => 
      array (
        'fonction' => 'optimiser',
        'descriptif' => 'Tâche CRON optimiser (toutes les 172800 s)',
        'args' => 'a:1:{i:0;d:1367914873;}',
        'md5args' => '72812bfd3229d60ed57b4de37516b0da',
        'inclure' => 'genie/',
        'priorite' => 0,
        'date' => '2013-05-08 09:32:20',
        'status' => 1,
      ),
    ),
  ),
  5 => 
  array (
    'file' => 'C:\\wamp\\www\\UXD\\ecrire\\inc\\genie.php',
    'line' => 184,
    'function' => 'queue_add_job',
    'args' => 
    array (
      0 => 'optimiser',
      1 => 'Tâche CRON optimiser (toutes les 172800 s)',
      2 => 
      array (
        0 => 1367914873,
      ),
      3 => 'genie/',
      4 => 'function_only',
      5 => 0,
      6 => 0,
    ),
  ),
  6 => 
  array (
    'file' => 'C:\\wamp\\www\\UXD\\ecrire\\inc\\genie.php',
    'line' => 145,
    'function' => 'queue_genie_replan_job',
    'args' => 
    array (
      0 => 'optimiser',
      1 => 172800,
      2 => 1367914873,
      3 => 0,
    ),
  ),
  7 => 
  array (
    'file' => 'C:\\wamp\\www\\UXD\\ecrire\\inc\\plugin.php',
    'line' => 512,
    'function' => 'genie_queue_watch_dist',
    'args' => 
    array (
    ),
  ),
  8 => 
  array (
    'file' => 'C:\\wamp\\www\\UXD\\ecrire\\inc\\plugin.php',
    'line' => 430,
    'function' => 'ecrire_plugin_actifs',
    'args' => 
    array (
      0 => '',
      1 => false,
      2 => 'force',
    ),
  ),
  9 => 
  array (
    'file' => 'C:\\wamp\\www\\UXD\\ecrire\\inc\\utils.php',
    'line' => 140,
    'function' => 'actualise_plugins_actifs',
    'args' => 
    array (
    ),
  ),
  10 => 
  array (
    'file' => 'C:\\wamp\\www\\UXD\\ecrire\\base\\objets.php',
    'line' => 331,
    'function' => 'pipeline',
    'args' => 
    array (
      0 => 'declarer_tables_principales',
      1 => 
      array (
        'spip_jobs' => 
        array (
          'field' => 
          array (
            'id_job' => 'bigint(21) NOT NULL',
            'descriptif' => 'text DEFAULT \'\' NOT NULL',
            'fonction' => 'varchar(255) NOT NULL',
            'args' => 'longblob DEFAULT \'\' NOT NULL',
            'md5args' => 'char(32) NOT NULL default \'\'',
            'inclure' => 'varchar(255) NOT NULL',
            'priorite' => 'smallint(6) NOT NULL default 0',
            'date' => 'datetime DEFAULT \'0000-00-00 00:00:00\' NOT NULL',
            'status' => 'tinyint NOT NULL default 1',
          ),
          'key' => 
          array (
            'PRIMARY KEY' => 'id_job',
            'KEY date' => 'date',
            'KEY status' => 'status',
          ),
        ),
      ),
    ),
  ),
  11 => 
  array (
    'file' => 'C:\\wamp\\www\\UXD\\ecrire\\base\\trouver_table.php',
    'line' => 73,
    'function' => 'lister_tables_objets_sql',
    'args' => 
    array (
      0 => '::md5',
    ),
  ),
  12 => 
  array (
    'file' => 'C:\\wamp\\www\\UXD\\ecrire\\base\\abstract_sql.php',
    'line' => 1289,
    'function' => 'base_trouver_table_dist',
    'args' => 
    array (
      0 => 'spip_meta',
      1 => '',
    ),
  ),
  13 => 
  array (
    'file' => 'C:\\wamp\\www\\UXD\\ecrire\\req\\mysql.php',
    'line' => 865,
    'function' => 'description_table',
    'args' => 
    array (
      0 => 'spip_meta',
      1 => '',
    ),
  ),
  14 => 
  array (
    'file' => 'C:\\wamp\\www\\UXD\\ecrire\\base\\abstract_sql.php',
    'line' => 494,
    'function' => 'spip_mysql_insertq',
    'args' => 
    array (
      0 => 'spip_meta',
      1 => 
      array (
        'nom' => 'charset',
        'valeur' => 'utf-8',
      ),
      2 => 
      array (
      ),
      3 => '',
      4 => true,
    ),
  ),
  15 => 
  array (
    'file' => 'C:\\wamp\\www\\UXD\\ecrire\\inc\\meta.php',
    'line' => 149,
    'function' => 'sql_insertq',
    'args' => 
    array (
      0 => 'spip_meta',
      1 => 
      array (
        'nom' => 'charset',
        'valeur' => 'utf-8',
      ),
    ),
  ),
  16 => 
  array (
    'file' => 'C:\\wamp\\www\\UXD\\ecrire\\inc\\meta.php',
    'line' => 72,
    'function' => 'ecrire_meta',
    'args' => 
    array (
      0 => 'charset',
      1 => 'utf-8',
      2 => NULL,
      3 => 'meta',
    ),
  ),
  17 => 
  array (
    'file' => 'C:\\wamp\\www\\UXD\\ecrire\\inc\\meta.php',
    'line' => 38,
    'function' => 'lire_metas',
    'args' => 
    array (
      0 => 'meta',
    ),
  ),
  18 => 
  array (
    'file' => 'C:\\wamp\\www\\UXD\\ecrire\\inc\\utils.php',
    'line' => 1633,
    'function' => 'inc_meta_dist',
    'args' => 
    array (
    ),
  ),
  19 => 
  array (
    'file' => 'C:\\wamp\\www\\UXD\\ecrire\\inc_version.php',
    'line' => 343,
    'function' => 'spip_initialisation_core',
    'args' => 
    array (
      0 => '../config/',
      1 => '../IMG/',
      2 => '../tmp/',
      3 => '../local/',
    ),
  ),
  20 => 
  array (
    'file' => 'C:\\wamp\\www\\UXD\\ecrire\\index.php',
    'line' => 14,
    'args' => 
    array (
      0 => 'C:\\wamp\\www\\UXD\\ecrire\\inc_version.php',
    ),
    'function' => 'include',
  ),
)
May 08 09:32:20 ::1 (pid 7132) :Pri:CRITIQUE: Re-entrance anormale sur lister_tables_objets_sql :array (
  0 => 
  array (
    'file' => 'C:\\wamp\\www\\UXD\\ecrire\\base\\trouver_table.php',
    'line' => 73,
    'function' => 'lister_tables_objets_sql',
    'args' => 
    array (
      0 => '::md5',
    ),
  ),
  1 => 
  array (
    'file' => 'C:\\wamp\\www\\UXD\\ecrire\\base\\abstract_sql.php',
    'line' => 1289,
    'function' => 'base_trouver_table_dist',
    'args' => 
    array (
      0 => 'spip_jobs',
      1 => '',
    ),
  ),
  2 => 
  array (
    'file' => 'C:\\wamp\\www\\UXD\\ecrire\\req\\mysql.php',
    'line' => 865,
    'function' => 'description_table',
    'args' => 
    array (
      0 => 'spip_jobs',
      1 => '',
    ),
  ),
  3 => 
  array (
    'file' => 'C:\\wamp\\www\\UXD\\ecrire\\base\\abstract_sql.php',
    'line' => 494,
    'function' => 'spip_mysql_insertq',
    'args' => 
    array (
      0 => 'spip_jobs',
      1 => 
      array (
        'fonction' => 'invalideur',
        'descriptif' => 'Tâche CRON invalideur (toutes les 600 s)',
        'args' => 'a:1:{i:0;d:1368005208;}',
        'md5args' => 'a60d49b7a56ce8e21dd3ebaf481fd2d8',
        'inclure' => 'genie/',
        'priorite' => 0,
        'date' => '2013-05-08 09:32:20',
        'status' => 1,
      ),
      2 => 
      array (
      ),
      3 => '',
      4 => true,
    ),
  ),
  4 => 
  array (
    'file' => 'C:\\wamp\\www\\UXD\\ecrire\\inc\\queue.php',
    'line' => 92,
    'function' => 'sql_insertq',
    'args' => 
    array (
      0 => 'spip_jobs',
      1 => 
      array (
        'fonction' => 'invalideur',
        'descriptif' => 'Tâche CRON invalideur (toutes les 600 s)',
        'args' => 'a:1:{i:0;d:1368005208;}',
        'md5args' => 'a60d49b7a56ce8e21dd3ebaf481fd2d8',
        'inclure' => 'genie/',
        'priorite' => 0,
        'date' => '2013-05-08 09:32:20',
        'status' => 1,
      ),
    ),
  ),
  5 => 
  array (
    'file' => 'C:\\wamp\\www\\UXD\\ecrire\\inc\\genie.php',
    'line' => 184,
    'function' => 'queue_add_job',
    'args' => 
    array (
      0 => 'invalideur',
      1 => 'Tâche CRON invalideur (toutes les 600 s)',
      2 => 
      array (
        0 => 1368005208,
      ),
      3 => 'genie/',
      4 => 'function_only',
      5 => 0,
      6 => 0,
    ),
  ),
  6 => 
  array (
    'file' => 'C:\\wamp\\www\\UXD\\ecrire\\inc\\genie.php',
    'line' => 145,
    'function' => 'queue_genie_replan_job',
    'args' => 
    array (
      0 => 'invalideur',
      1 => 600,
      2 => 1368005208,
      3 => 0,
    ),
  ),
  7 => 
  array (
    'file' => 'C:\\wamp\\www\\UXD\\ecrire\\inc\\plugin.php',
    'line' => 512,
    'function' => 'genie_queue_watch_dist',
    'args' => 
    array (
    ),
  ),
  8 => 
  array (
    'file' => 'C:\\wamp\\www\\UXD\\ecrire\\inc\\plugin.php',
    'line' => 430,
    'function' => 'ecrire_plugin_actifs',
    'args' => 
    array (
      0 => '',
      1 => false,
      2 => 'force',
    ),
  ),
  9 => 
  array (
    'file' => 'C:\\wamp\\www\\UXD\\ecrire\\inc\\utils.php',
    'line' => 140,
    'function' => 'actualise_plugins_actifs',
    'args' => 
    array (
    ),
  ),
  10 => 
  array (
    'file' => 'C:\\wamp\\www\\UXD\\ecrire\\base\\objets.php',
    'line' => 331,
    'function' => 'pipeline',
    'args' => 
    array (
      0 => 'declarer_tables_principales',
      1 => 
      array (
        'spip_jobs' => 
        array (
          'field' => 
          array (
            'id_job' => 'bigint(21) NOT NULL',
            'descriptif' => 'text DEFAULT \'\' NOT NULL',
            'fonction' => 'varchar(255) NOT NULL',
            'args' => 'longblob DEFAULT \'\' NOT NULL',
            'md5args' => 'char(32) NOT NULL default \'\'',
            'inclure' => 'varchar(255) NOT NULL',
            'priorite' => 'smallint(6) NOT NULL default 0',
            'date' => 'datetime DEFAULT \'0000-00-00 00:00:00\' NOT NULL',
            'status' => 'tinyint NOT NULL default 1',
          ),
          'key' => 
          array (
            'PRIMARY KEY' => 'id_job',
            'KEY date' => 'date',
            'KEY status' => 'status',
          ),
        ),
      ),
    ),
  ),
  11 => 
  array (
    'file' => 'C:\\wamp\\www\\UXD\\ecrire\\base\\trouver_table.php',
    'line' => 73,
    'function' => 'lister_tables_objets_sql',
    'args' => 
    array (
      0 => '::md5',
    ),
  ),
  12 => 
  array (
    'file' => 'C:\\wamp\\www\\UXD\\ecrire\\base\\abstract_sql.php',
    'line' => 1289,
    'function' => 'base_trouver_table_dist',
    'args' => 
    array (
      0 => 'spip_meta',
      1 => '',
    ),
  ),
  13 => 
  array (
    'file' => 'C:\\wamp\\www\\UXD\\ecrire\\req\\mysql.php',
    'line' => 865,
    'function' => 'description_table',
    'args' => 
    array (
      0 => 'spip_meta',
      1 => '',
    ),
  ),
  14 => 
  array (
    'file' => 'C:\\wamp\\www\\UXD\\ecrire\\base\\abstract_sql.php',
    'line' => 494,
    'function' => 'spip_mysql_insertq',
    'args' => 
    array (
      0 => 'spip_meta',
      1 => 
      array (
        'nom' => 'charset',
        'valeur' => 'utf-8',
      ),
      2 => 
      array (
      ),
      3 => '',
      4 => true,
    ),
  ),
  15 => 
  array (
    'file' => 'C:\\wamp\\www\\UXD\\ecrire\\inc\\meta.php',
    'line' => 149,
    'function' => 'sql_insertq',
    'args' => 
    array (
      0 => 'spip_meta',
      1 => 
      array (
        'nom' => 'charset',
        'valeur' => 'utf-8',
      ),
    ),
  ),
  16 => 
  array (
    'file' => 'C:\\wamp\\www\\UXD\\ecrire\\inc\\meta.php',
    'line' => 72,
    'function' => 'ecrire_meta',
    'args' => 
    array (
      0 => 'charset',
      1 => 'utf-8',
      2 => NULL,
      3 => 'meta',
    ),
  ),
  17 => 
  array (
    'file' => 'C:\\wamp\\www\\UXD\\ecrire\\inc\\meta.php',
    'line' => 38,
    'function' => 'lire_metas',
    'args' => 
    array (
      0 => 'meta',
    ),
  ),
  18 => 
  array (
    'file' => 'C:\\wamp\\www\\UXD\\ecrire\\inc\\utils.php',
    'line' => 1633,
    'function' => 'inc_meta_dist',
    'args' => 
    array (
    ),
  ),
  19 => 
  array (
    'file' => 'C:\\wamp\\www\\UXD\\ecrire\\inc_version.php',
    'line' => 343,
    'function' => 'spip_initialisation_core',
    'args' => 
    array (
      0 => '../config/',
      1 => '../IMG/',
      2 => '../tmp/',
      3 => '../local/',
    ),
  ),
  20 => 
  array (
    'file' => 'C:\\wamp\\www\\UXD\\ecrire\\index.php',
    'line' => 14,
    'args' => 
    array (
      0 => 'C:\\wamp\\www\\UXD\\ecrire\\inc_version.php',
    ),
    'function' => 'include',
  ),
)
May 08 09:32:20 ::1 (pid 7132) :Pri:CRITIQUE: Re-entrance anormale sur lister_tables_objets_sql :array (
  0 => 
  array (
    'file' => 'C:\\wamp\\www\\UXD\\ecrire\\base\\trouver_table.php',
    'line' => 73,
    'function' => 'lister_tables_objets_sql',
    'args' => 
    array (
      0 => '::md5',
    ),
  ),
  1 => 
  array (
    'file' => 'C:\\wamp\\www\\UXD\\ecrire\\base\\abstract_sql.php',
    'line' => 1289,
    'function' => 'base_trouver_table_dist',
    'args' => 
    array (
      0 => 'spip_jobs',
      1 => '',
    ),
  ),
  2 => 
  array (
    'file' => 'C:\\wamp\\www\\UXD\\ecrire\\req\\mysql.php',
    'line' => 865,
    'function' => 'description_table',
    'args' => 
    array (
      0 => 'spip_jobs',
      1 => '',
    ),
  ),
  3 => 
  array (
    'file' => 'C:\\wamp\\www\\UXD\\ecrire\\base\\abstract_sql.php',
    'line' => 494,
    'function' => 'spip_mysql_insertq',
    'args' => 
    array (
      0 => 'spip_jobs',
      1 => 
      array (
        'fonction' => 'maintenance',
        'descriptif' => 'Tâche CRON maintenance (toutes les 7200 s)',
        'args' => 'a:1:{i:0;d:1368001247;}',
        'md5args' => '8f1624cc9af0ed2aff2e43da5e99f98f',
        'inclure' => 'genie/',
        'priorite' => 0,
        'date' => '2013-05-08 09:32:20',
        'status' => 1,
      ),
      2 => 
      array (
      ),
      3 => '',
      4 => true,
    ),
  ),
  4 => 
  array (
    'file' => 'C:\\wamp\\www\\UXD\\ecrire\\inc\\queue.php',
    'line' => 92,
    'function' => 'sql_insertq',
    'args' => 
    array (
      0 => 'spip_jobs',
      1 => 
      array (
        'fonction' => 'maintenance',
        'descriptif' => 'Tâche CRON maintenance (toutes les 7200 s)',
        'args' => 'a:1:{i:0;d:1368001247;}',
        'md5args' => '8f1624cc9af0ed2aff2e43da5e99f98f',
        'inclure' => 'genie/',
        'priorite' => 0,
        'date' => '2013-05-08 09:32:20',
        'status' => 1,
      ),
    ),
  ),
  5 => 
  array (
    'file' => 'C:\\wamp\\www\\UXD\\ecrire\\inc\\genie.php',
    'line' => 184,
    'function' => 'queue_add_job',
    'args' => 
    array (
      0 => 'maintenance',
      1 => 'Tâche CRON maintenance (toutes les 7200 s)',
      2 => 
      array (
        0 => 1368001247,
      ),
      3 => 'genie/',
      4 => 'function_only',
      5 => 0,
      6 => 0,
    ),
  ),
  6 => 
  array (
    'file' => 'C:\\wamp\\www\\UXD\\ecrire\\inc\\genie.php',
    'line' => 145,
    'function' => 'queue_genie_replan_job',
    'args' => 
    array (
      0 => 'maintenance',
      1 => 7200,
      2 => 1368001247,
      3 => 0,
    ),
  ),
  7 => 
  array (
    'file' => 'C:\\wamp\\www\\UXD\\ecrire\\inc\\plugin.php',
    'line' => 512,
    'function' => 'genie_queue_watch_dist',
    'args' => 
    array (
    ),
  ),
  8 => 
  array (
    'file' => 'C:\\wamp\\www\\UXD\\ecrire\\inc\\plugin.php',
    'line' => 430,
    'function' => 'ecrire_plugin_actifs',
    'args' => 
    array (
      0 => '',
      1 => false,
      2 => 'force',
    ),
  ),
  9 => 
  array (
    'file' => 'C:\\wamp\\www\\UXD\\ecrire\\inc\\utils.php',
    'line' => 140,
    'function' => 'actualise_plugins_actifs',
    'args' => 
    array (
    ),
  ),
  10 => 
  array (
    'file' => 'C:\\wamp\\www\\UXD\\ecrire\\base\\objets.php',
    'line' => 331,
    'function' => 'pipeline',
    'args' => 
    array (
      0 => 'declarer_tables_principales',
      1 => 
      array (
        'spip_jobs' => 
        array (
          'field' => 
          array (
            'id_job' => 'bigint(21) NOT NULL',
            'descriptif' => 'text DEFAULT \'\' NOT NULL',
            'fonction' => 'varchar(255) NOT NULL',
            'args' => 'longblob DEFAULT \'\' NOT NULL',
            'md5args' => 'char(32) NOT NULL default \'\'',
            'inclure' => 'varchar(255) NOT NULL',
            'priorite' => 'smallint(6) NOT NULL default 0',
            'date' => 'datetime DEFAULT \'0000-00-00 00:00:00\' NOT NULL',
            'status' => 'tinyint NOT NULL default 1',
          ),
          'key' => 
          array (
            'PRIMARY KEY' => 'id_job',
            'KEY date' => 'date',
            'KEY status' => 'status',
          ),
        ),
      ),
    ),
  ),
  11 => 
  array (
    'file' => 'C:\\wamp\\www\\UXD\\ecrire\\base\\trouver_table.php',
    'line' => 73,
    'function' => 'lister_tables_objets_sql',
    'args' => 
    array (
      0 => '::md5',
    ),
  ),
  12 => 
  array (
    'file' => 'C:\\wamp\\www\\UXD\\ecrire\\base\\abstract_sql.php',
    'line' => 1289,
    'function' => 'base_trouver_table_dist',
    'args' => 
    array (
      0 => 'spip_meta',
      1 => '',
    ),
  ),
  13 => 
  array (
    'file' => 'C:\\wamp\\www\\UXD\\ecrire\\req\\mysql.php',
    'line' => 865,
    'function' => 'description_table',
    'args' => 
    array (
      0 => 'spip_meta',
      1 => '',
    ),
  ),
  14 => 
  array (
    'file' => 'C:\\wamp\\www\\UXD\\ecrire\\base\\abstract_sql.php',
    'line' => 494,
    'function' => 'spip_mysql_insertq',
    'args' => 
    array (
      0 => 'spip_meta',
      1 => 
      array (
        'nom' => 'charset',
        'valeur' => 'utf-8',
      ),
      2 => 
      array (
      ),
      3 => '',
      4 => true,
    ),
  ),
  15 => 
  array (
    'file' => 'C:\\wamp\\www\\UXD\\ecrire\\inc\\meta.php',
    'line' => 149,
    'function' => 'sql_insertq',
    'args' => 
    array (
      0 => 'spip_meta',
      1 => 
      array (
        'nom' => 'charset',
        'valeur' => 'utf-8',
      ),
    ),
  ),
  16 => 
  array (
    'file' => 'C:\\wamp\\www\\UXD\\ecrire\\inc\\meta.php',
    'line' => 72,
    'function' => 'ecrire_meta',
    'args' => 
    array (
      0 => 'charset',
      1 => 'utf-8',
      2 => NULL,
      3 => 'meta',
    ),
  ),
  17 => 
  array (
    'file' => 'C:\\wamp\\www\\UXD\\ecrire\\inc\\meta.php',
    'line' => 38,
    'function' => 'lire_metas',
    'args' => 
    array (
      0 => 'meta',
    ),
  ),
  18 => 
  array (
    'file' => 'C:\\wamp\\www\\UXD\\ecrire\\inc\\utils.php',
    'line' => 1633,
    'function' => 'inc_meta_dist',
    'args' => 
    array (
    ),
  ),
  19 => 
  array (
    'file' => 'C:\\wamp\\www\\UXD\\ecrire\\inc_version.php',
    'line' => 343,
    'function' => 'spip_initialisation_core',
    'args' => 
    array (
      0 => '../config/',
      1 => '../IMG/',
      2 => '../tmp/',
      3 => '../local/',
    ),
  ),
  20 => 
  array (
    'file' => 'C:\\wamp\\www\\UXD\\ecrire\\index.php',
    'line' => 14,
    'args' => 
    array (
      0 => 'C:\\wamp\\www\\UXD\\ecrire\\inc_version.php',
    ),
    'function' => 'include',
  ),
)
May 08 09:32:20 ::1 (pid 7132) :Pri:CRITIQUE: Re-entrance anormale sur lister_tables_objets_sql :array (
  0 => 
  array (
    'file' => 'C:\\wamp\\www\\UXD\\ecrire\\base\\trouver_table.php',
    'line' => 73,
    'function' => 'lister_tables_objets_sql',
    'args' => 
    array (
      0 => '::md5',
    ),
  ),
  1 => 
  array (
    'file' => 'C:\\wamp\\www\\UXD\\ecrire\\base\\abstract_sql.php',
    'line' => 1289,
    'function' => 'base_trouver_table_dist',
    'args' => 
    array (
      0 => 'spip_jobs',
      1 => '',
    ),
  ),
  2 => 
  array (
    'file' => 'C:\\wamp\\www\\UXD\\ecrire\\req\\mysql.php',
    'line' => 865,
    'function' => 'description_table',
    'args' => 
    array (
      0 => 'spip_jobs',
      1 => '',
    ),
  ),
  3 => 
  array (
    'file' => 'C:\\wamp\\www\\UXD\\ecrire\\base\\abstract_sql.php',
    'line' => 494,
    'function' => 'spip_mysql_insertq',
    'args' => 
    array (
      0 => 'spip_jobs',
      1 => 
      array (
        'fonction' => 'mise_a_jour',
        'descriptif' => 'Tâche CRON mise_a_jour (toutes les 259200 s)',
        'args' => 'a:1:{i:0;d:1367876224;}',
        'md5args' => 'd3a5b39036e63fcfe2be1b21e28446f5',
        'inclure' => 'genie/',
        'priorite' => 0,
        'date' => '2013-05-08 09:32:20',
        'status' => 1,
      ),
      2 => 
      array (
      ),
      3 => '',
      4 => true,
    ),
  ),
  4 => 
  array (
    'file' => 'C:\\wamp\\www\\UXD\\ecrire\\inc\\queue.php',
    'line' => 92,
    'function' => 'sql_insertq',
    'args' => 
    array (
      0 => 'spip_jobs',
      1 => 
      array (
        'fonction' => 'mise_a_jour',
        'descriptif' => 'Tâche CRON mise_a_jour (toutes les 259200 s)',
        'args' => 'a:1:{i:0;d:1367876224;}',
        'md5args' => 'd3a5b39036e63fcfe2be1b21e28446f5',
        'inclure' => 'genie/',
        'priorite' => 0,
        'date' => '2013-05-08 09:32:20',
        'status' => 1,
      ),
    ),
  ),
  5 => 
  array (
    'file' => 'C:\\wamp\\www\\UXD\\ecrire\\inc\\genie.php',
    'line' => 184,
    'function' => 'queue_add_job',
    'args' => 
    array (
      0 => 'mise_a_jour',
      1 => 'Tâche CRON mise_a_jour (toutes les 259200 s)',
      2 => 
      array (
        0 => 1367876224,
      ),
      3 => 'genie/',
      4 => 'function_only',
      5 => 0,
      6 => 0,
    ),
  ),
  6 => 
  array (
    'file' => 'C:\\wamp\\www\\UXD\\ecrire\\inc\\genie.php',
    'line' => 145,
    'function' => 'queue_genie_replan_job',
    'args' => 
    array (
      0 => 'mise_a_jour',
      1 => 259200,
      2 => 1367876224,
      3 => 0,
    ),
  ),
  7 => 
  array (
    'file' => 'C:\\wamp\\www\\UXD\\ecrire\\inc\\plugin.php',
    'line' => 512,
    'function' => 'genie_queue_watch_dist',
    'args' => 
    array (
    ),
  ),
  8 => 
  array (
    'file' => 'C:\\wamp\\www\\UXD\\ecrire\\inc\\plugin.php',
    'line' => 430,
    'function' => 'ecrire_plugin_actifs',
    'args' => 
    array (
      0 => '',
      1 => false,
      2 => 'force',
    ),
  ),
  9 => 
  array (
    'file' => 'C:\\wamp\\www\\UXD\\ecrire\\inc\\utils.php',
    'line' => 140,
    'function' => 'actualise_plugins_actifs',
    'args' => 
    array (
    ),
  ),
  10 => 
  array (
    'file' => 'C:\\wamp\\www\\UXD\\ecrire\\base\\objets.php',
    'line' => 331,
    'function' => 'pipeline',
    'args' => 
    array (
      0 => 'declarer_tables_principales',
      1 => 
      array (
        'spip_jobs' => 
        array (
          'field' => 
          array (
            'id_job' => 'bigint(21) NOT NULL',
            'descriptif' => 'text DEFAULT \'\' NOT NULL',
            'fonction' => 'varchar(255) NOT NULL',
            'args' => 'longblob DEFAULT \'\' NOT NULL',
            'md5args' => 'char(32) NOT NULL default \'\'',
            'inclure' => 'varchar(255) NOT NULL',
            'priorite' => 'smallint(6) NOT NULL default 0',
            'date' => 'datetime DEFAULT \'0000-00-00 00:00:00\' NOT NULL',
            'status' => 'tinyint NOT NULL default 1',
          ),
          'key' => 
          array (
            'PRIMARY KEY' => 'id_job',
            'KEY date' => 'date',
            'KEY status' => 'status',
          ),
        ),
      ),
    ),
  ),
  11 => 
  array (
    'file' => 'C:\\wamp\\www\\UXD\\ecrire\\base\\trouver_table.php',
    'line' => 73,
    'function' => 'lister_tables_objets_sql',
    'args' => 
    array (
      0 => '::md5',
    ),
  ),
  12 => 
  array (
    'file' => 'C:\\wamp\\www\\UXD\\ecrire\\base\\abstract_sql.php',
    'line' => 1289,
    'function' => 'base_trouver_table_dist',
    'args' => 
    array (
      0 => 'spip_meta',
      1 => '',
    ),
  ),
  13 => 
  array (
    'file' => 'C:\\wamp\\www\\UXD\\ecrire\\req\\mysql.php',
    'line' => 865,
    'function' => 'description_table',
    'args' => 
    array (
      0 => 'spip_meta',
      1 => '',
    ),
  ),
  14 => 
  array (
    'file' => 'C:\\wamp\\www\\UXD\\ecrire\\base\\abstract_sql.php',
    'line' => 494,
    'function' => 'spip_mysql_insertq',
    'args' => 
    array (
      0 => 'spip_meta',
      1 => 
      array (
        'nom' => 'charset',
        'valeur' => 'utf-8',
      ),
      2 => 
      array (
      ),
      3 => '',
      4 => true,
    ),
  ),
  15 => 
  array (
    'file' => 'C:\\wamp\\www\\UXD\\ecrire\\inc\\meta.php',
    'line' => 149,
    'function' => 'sql_insertq',
    'args' => 
    array (
      0 => 'spip_meta',
      1 => 
      array (
        'nom' => 'charset',
        'valeur' => 'utf-8',
      ),
    ),
  ),
  16 => 
  array (
    'file' => 'C:\\wamp\\www\\UXD\\ecrire\\inc\\meta.php',
    'line' => 72,
    'function' => 'ecrire_meta',
    'args' => 
    array (
      0 => 'charset',
      1 => 'utf-8',
      2 => NULL,
      3 => 'meta',
    ),
  ),
  17 => 
  array (
    'file' => 'C:\\wamp\\www\\UXD\\ecrire\\inc\\meta.php',
    'line' => 38,
    'function' => 'lire_metas',
    'args' => 
    array (
      0 => 'meta',
    ),
  ),
  18 => 
  array (
    'file' => 'C:\\wamp\\www\\UXD\\ecrire\\inc\\utils.php',
    'line' => 1633,
    'function' => 'inc_meta_dist',
    'args' => 
    array (
    ),
  ),
  19 => 
  array (
    'file' => 'C:\\wamp\\www\\UXD\\ecrire\\inc_version.php',
    'line' => 343,
    'function' => 'spip_initialisation_core',
    'args' => 
    array (
      0 => '../config/',
      1 => '../IMG/',
      2 => '../tmp/',
      3 => '../local/',
    ),
  ),
  20 => 
  array (
    'file' => 'C:\\wamp\\www\\UXD\\ecrire\\index.php',
    'line' => 14,
    'args' => 
    array (
      0 => 'C:\\wamp\\www\\UXD\\ecrire\\inc_version.php',
    ),
    'function' => 'include',
  ),
)
May 08 09:32:27 ::1 (pid 7132) :Pri:ERREUR: Erreur mysql 1146
May 08 09:32:27 ::1 (pid 7132) :Pri:ERREUR: Table 'uxd.uxd_forum' doesn't exist - SHOW CREATE TABLE `uxd_forum`
May 08 09:32:27 ::1 (pid 7132) :Pri:ERREUR: Erreur mysql 1146
May 08 09:32:27 ::1 (pid 7132) :Pri:ERREUR: Table 'uxd.uxd_documents' doesn't exist - SHOW CREATE TABLE `uxd_documents`
May 08 09:32:27 ::1 (pid 7132) :Pri:ERREUR: Erreur mysql 1146
May 08 09:32:27 ::1 (pid 7132) :Pri:ERREUR: Table 'uxd.uxd_mots' doesn't exist - SHOW CREATE TABLE `uxd_mots`
May 08 09:32:27 ::1 (pid 7132) :Pri:ERREUR: Erreur mysql 1146
May 08 09:32:27 ::1 (pid 7132) :Pri:ERREUR: Table 'uxd.uxd_groupes_mots' doesn't exist - SHOW CREATE TABLE `uxd_groupes_mots`
May 08 09:32:27 ::1 (pid 7132) :Pri:ERREUR: Erreur mysql 1146
May 08 09:32:27 ::1 (pid 7132) :Pri:ERREUR: Table 'uxd.uxd_messages' doesn't exist - SHOW CREATE TABLE `uxd_messages`
May 08 09:32:27 ::1 (pid 7132) :Pri:ERREUR: Erreur mysql 1146
May 08 09:32:27 ::1 (pid 7132) :Pri:ERREUR: Table 'uxd.uxd_petitions' doesn't exist - SHOW CREATE TABLE `uxd_petitions`
May 08 09:32:27 ::1 (pid 7132) :Pri:ERREUR: Erreur mysql 1146
May 08 09:32:27 ::1 (pid 7132) :Pri:ERREUR: Table 'uxd.uxd_signatures' doesn't exist - SHOW CREATE TABLE `uxd_signatures`
May 08 09:32:27 ::1 (pid 7132) :Pri:ERREUR: Erreur mysql 1146
May 08 09:32:27 ::1 (pid 7132) :Pri:ERREUR: Table 'uxd.uxd_syndic' doesn't exist - SHOW CREATE TABLE `uxd_syndic`
May 08 09:32:27 ::1 (pid 7132) :Pri:ERREUR: Erreur mysql 1146
May 08 09:32:27 ::1 (pid 7132) :Pri:ERREUR: Table 'uxd.uxd_syndic_articles' doesn't exist - SHOW CREATE TABLE `uxd_syndic_articles`
May 08 09:32:27 ::1 (pid 7132) :Pri:ERREUR: Erreur mysql 1146
May 08 09:32:27 ::1 (pid 7132) :Pri:ERREUR: Table 'uxd.uxd_depots' doesn't exist - SHOW CREATE TABLE `uxd_depots`
May 08 09:32:27 ::1 (pid 7132) :Pri:ERREUR: Erreur mysql 1146
May 08 09:32:27 ::1 (pid 7132) :Pri:ERREUR: Table 'uxd.uxd_plugins' doesn't exist - SHOW CREATE TABLE `uxd_plugins`
May 08 09:32:27 ::1 (pid 7132) :Pri:ERREUR: Erreur mysql 1146
May 08 09:32:27 ::1 (pid 7132) :Pri:ERREUR: Table 'uxd.uxd_paquets' doesn't exist - SHOW CREATE TABLE `uxd_paquets`
May 08 09:32:27 ::1 (pid 7132) :Pri:ERREUR: Erreur mysql 1146
May 08 09:32:27 ::1 (pid 7132) :Pri:ERREUR: Table 'uxd.uxd_breves' doesn't exist - SHOW CREATE TABLE `uxd_breves`
May 08 09:32:29 ::1 (pid 7132) :Pri:cf maj.log
May 08 09:32:29 ::1 (pid 7132) :Pri:cf maj.log
May 08 09:32:30 ::1 (pid 7132) :Pri:cf maj.log
May 08 09:32:30 ::1 (pid 7132) :Pri:cf maj.log
May 08 09:32:30 ::1 (pid 7132) :Pri:ERREUR: Erreur mysql 1146
May 08 09:32:30 ::1 (pid 7132) :Pri:ERREUR: Table 'uxd.uxd_forum' doesn't exist - SHOW CREATE TABLE `uxd_forum`
May 08 09:32:30 ::1 (pid 7132) :Pri:ERREUR: Erreur mysql 1146
May 08 09:32:30 ::1 (pid 7132) :Pri:ERREUR: Table 'uxd.uxd_documents' doesn't exist - SHOW CREATE TABLE `uxd_documents`
May 08 09:32:30 ::1 (pid 7132) :Pri:ERREUR: Erreur mysql 1146
May 08 09:32:30 ::1 (pid 7132) :Pri:ERREUR: Table 'uxd.uxd_mots' doesn't exist - SHOW CREATE TABLE `uxd_mots`
May 08 09:32:30 ::1 (pid 7132) :Pri:ERREUR: Erreur mysql 1146
May 08 09:32:30 ::1 (pid 7132) :Pri:ERREUR: Table 'uxd.uxd_groupes_mots' doesn't exist - SHOW CREATE TABLE `uxd_groupes_mots`
May 08 09:32:30 ::1 (pid 7132) :Pri:ERREUR: Erreur mysql 1146
May 08 09:32:30 ::1 (pid 7132) :Pri:ERREUR: Table 'uxd.uxd_messages' doesn't exist - SHOW CREATE TABLE `uxd_messages`
May 08 09:32:30 ::1 (pid 7132) :Pri:ERREUR: Erreur mysql 1146
May 08 09:32:30 ::1 (pid 7132) :Pri:ERREUR: Table 'uxd.uxd_petitions' doesn't exist - SHOW CREATE TABLE `uxd_petitions`
May 08 09:32:30 ::1 (pid 7132) :Pri:ERREUR: Erreur mysql 1146
May 08 09:32:30 ::1 (pid 7132) :Pri:ERREUR: Table 'uxd.uxd_signatures' doesn't exist - SHOW CREATE TABLE `uxd_signatures`
May 08 09:32:30 ::1 (pid 7132) :Pri:ERREUR: Erreur mysql 1146
May 08 09:32:30 ::1 (pid 7132) :Pri:ERREUR: Table 'uxd.uxd_syndic' doesn't exist - SHOW CREATE TABLE `uxd_syndic`
May 08 09:32:30 ::1 (pid 7132) :Pri:ERREUR: Erreur mysql 1146
May 08 09:32:30 ::1 (pid 7132) :Pri:ERREUR: Table 'uxd.uxd_syndic_articles' doesn't exist - SHOW CREATE TABLE `uxd_syndic_articles`
May 08 09:32:30 ::1 (pid 7132) :Pri:ERREUR: Erreur mysql 1146
May 08 09:32:30 ::1 (pid 7132) :Pri:ERREUR: Table 'uxd.uxd_depots' doesn't exist - SHOW CREATE TABLE `uxd_depots`
May 08 09:32:30 ::1 (pid 7132) :Pri:ERREUR: Erreur mysql 1146
May 08 09:32:30 ::1 (pid 7132) :Pri:ERREUR: Table 'uxd.uxd_plugins' doesn't exist - SHOW CREATE TABLE `uxd_plugins`
May 08 09:32:30 ::1 (pid 7132) :Pri:ERREUR: Erreur mysql 1146
May 08 09:32:30 ::1 (pid 7132) :Pri:ERREUR: Table 'uxd.uxd_paquets' doesn't exist - SHOW CREATE TABLE `uxd_paquets`
May 08 09:32:30 ::1 (pid 7132) :Pri:ERREUR: Erreur mysql 1146
May 08 09:32:30 ::1 (pid 7132) :Pri:ERREUR: Table 'uxd.uxd_breves' doesn't exist - SHOW CREATE TABLE `uxd_breves`
May 08 09:32:30 ::1 (pid 7132) :Pri:cf maj.log
May 08 09:32:30 ::1 (pid 7132) :Pri:cf maj.log
May 08 09:32:30 ::1 (pid 7132) :Pri:cf maj.log
May 08 09:32:30 ::1 (pid 7132) :Pri:ERREUR: Erreur mysql 1146
May 08 09:32:30 ::1 (pid 7132) :Pri:ERREUR: Table 'uxd.uxd_forum' doesn't exist - SHOW CREATE TABLE `uxd_forum`
May 08 09:32:30 ::1 (pid 7132) :Pri:cf maj.log
May 08 09:32:30 ::1 (pid 7132) :Pri:ERREUR: Erreur mysql 1146
May 08 09:32:30 ::1 (pid 7132) :Pri:ERREUR: Table 'uxd.uxd_forum' doesn't exist - SHOW CREATE TABLE `uxd_forum`
May 08 09:32:30 ::1 (pid 7132) :Pri:cf maj.log
May 08 09:32:30 ::1 (pid 7132) :Pri:cf maj.log
May 08 09:32:31 ::1 (pid 7132) :Pri:cf maj.log
May 08 09:32:31 ::1 (pid 7132) :Pri:ERREUR: Erreur mysql 1146
May 08 09:32:31 ::1 (pid 7132) :Pri:ERREUR: Table 'uxd.uxd_documents' doesn't exist - SHOW CREATE TABLE `uxd_documents`
May 08 09:32:31 ::1 (pid 7132) :Pri:ERREUR: Erreur mysql 1146
May 08 09:32:31 ::1 (pid 7132) :Pri:ERREUR: Table 'uxd.uxd_mots' doesn't exist - SHOW CREATE TABLE `uxd_mots`
May 08 09:32:31 ::1 (pid 7132) :Pri:ERREUR: Erreur mysql 1146
May 08 09:32:31 ::1 (pid 7132) :Pri:ERREUR: Table 'uxd.uxd_groupes_mots' doesn't exist - SHOW CREATE TABLE `uxd_groupes_mots`
May 08 09:32:31 ::1 (pid 7132) :Pri:ERREUR: Erreur mysql 1146
May 08 09:32:31 ::1 (pid 7132) :Pri:ERREUR: Table 'uxd.uxd_messages' doesn't exist - SHOW CREATE TABLE `uxd_messages`
May 08 09:32:31 ::1 (pid 7132) :Pri:ERREUR: Erreur mysql 1146
May 08 09:32:31 ::1 (pid 7132) :Pri:ERREUR: Table 'uxd.uxd_petitions' doesn't exist - SHOW CREATE TABLE `uxd_petitions`
May 08 09:32:31 ::1 (pid 7132) :Pri:ERREUR: Erreur mysql 1146
May 08 09:32:31 ::1 (pid 7132) :Pri:ERREUR: Table 'uxd.uxd_signatures' doesn't exist - SHOW CREATE TABLE `uxd_signatures`
May 08 09:32:31 ::1 (pid 7132) :Pri:ERREUR: Erreur mysql 1146
May 08 09:32:31 ::1 (pid 7132) :Pri:ERREUR: Table 'uxd.uxd_syndic' doesn't exist - SHOW CREATE TABLE `uxd_syndic`
May 08 09:32:31 ::1 (pid 7132) :Pri:ERREUR: Erreur mysql 1146
May 08 09:32:31 ::1 (pid 7132) :Pri:ERREUR: Table 'uxd.uxd_syndic_articles' doesn't exist - SHOW CREATE TABLE `uxd_syndic_articles`
May 08 09:32:31 ::1 (pid 7132) :Pri:ERREUR: Erreur mysql 1146
May 08 09:32:31 ::1 (pid 7132) :Pri:ERREUR: Table 'uxd.uxd_depots' doesn't exist - SHOW CREATE TABLE `uxd_depots`
May 08 09:32:31 ::1 (pid 7132) :Pri:ERREUR: Erreur mysql 1146
May 08 09:32:31 ::1 (pid 7132) :Pri:ERREUR: Table 'uxd.uxd_plugins' doesn't exist - SHOW CREATE TABLE `uxd_plugins`
May 08 09:32:31 ::1 (pid 7132) :Pri:ERREUR: Erreur mysql 1146
May 08 09:32:31 ::1 (pid 7132) :Pri:ERREUR: Table 'uxd.uxd_paquets' doesn't exist - SHOW CREATE TABLE `uxd_paquets`
May 08 09:32:31 ::1 (pid 7132) :Pri:ERREUR: Erreur mysql 1146
May 08 09:32:31 ::1 (pid 7132) :Pri:ERREUR: Table 'uxd.uxd_breves' doesn't exist - SHOW CREATE TABLE `uxd_breves`
May 08 09:32:31 ::1 (pid 7132) :Pri:cf maj.log
May 08 09:32:31 ::1 (pid 7132) :Pri:cf maj.log
May 08 09:32:31 ::1 (pid 7132) :Pri:cf maj.log
May 08 09:32:31 ::1 (pid 7132) :Pri:ERREUR: Erreur mysql 1146
May 08 09:32:31 ::1 (pid 7132) :Pri:ERREUR: Table 'uxd.uxd_documents' doesn't exist - SHOW CREATE TABLE `uxd_documents`
May 08 09:32:31 ::1 (pid 7132) :Pri:cf maj.log
May 08 09:32:31 ::1 (pid 7132) :Pri:ERREUR: Erreur mysql 1146
May 08 09:32:31 ::1 (pid 7132) :Pri:ERREUR: Table 'uxd.uxd_types_documents' doesn't exist - SHOW CREATE TABLE `uxd_types_documents`
May 08 09:32:31 ::1 (pid 7132) :Pri:ERREUR: Erreur mysql 1146
May 08 09:32:31 ::1 (pid 7132) :Pri:ERREUR: Table 'uxd.uxd_documents' doesn't exist - SHOW CREATE TABLE `uxd_documents`
May 08 09:32:31 ::1 (pid 7132) :Pri:ERREUR: Erreur mysql 1146
May 08 09:32:31 ::1 (pid 7132) :Pri:ERREUR: Table 'uxd.uxd_documents_liens' doesn't exist - SHOW CREATE TABLE `uxd_documents_liens`
May 08 09:32:31 ::1 (pid 7132) :Pri:cf maj.log
May 08 09:32:31 ::1 (pid 7132) :Pri:cf maj.log
May 08 09:32:32 ::1 (pid 7132) :Pri:cf maj.log
May 08 09:32:32 ::1 (pid 7132) :Pri:cf maj.log
May 08 09:32:32 ::1 (pid 7132) :Pri:cf maj.log
May 08 09:32:32 ::1 (pid 7132) :Pri:ERREUR: Erreur mysql 1146
May 08 09:32:32 ::1 (pid 7132) :Pri:ERREUR: Table 'uxd.uxd_mots' doesn't exist - SHOW CREATE TABLE `uxd_mots`
May 08 09:32:32 ::1 (pid 7132) :Pri:ERREUR: Erreur mysql 1146
May 08 09:32:32 ::1 (pid 7132) :Pri:ERREUR: Table 'uxd.uxd_groupes_mots' doesn't exist - SHOW CREATE TABLE `uxd_groupes_mots`
May 08 09:32:32 ::1 (pid 7132) :Pri:ERREUR: Erreur mysql 1146
May 08 09:32:32 ::1 (pid 7132) :Pri:ERREUR: Table 'uxd.uxd_messages' doesn't exist - SHOW CREATE TABLE `uxd_messages`
May 08 09:32:32 ::1 (pid 7132) :Pri:ERREUR: Erreur mysql 1146
May 08 09:32:32 ::1 (pid 7132) :Pri:ERREUR: Table 'uxd.uxd_petitions' doesn't exist - SHOW CREATE TABLE `uxd_petitions`
May 08 09:32:32 ::1 (pid 7132) :Pri:ERREUR: Erreur mysql 1146
May 08 09:32:32 ::1 (pid 7132) :Pri:ERREUR: Table 'uxd.uxd_signatures' doesn't exist - SHOW CREATE TABLE `uxd_signatures`
May 08 09:32:32 ::1 (pid 7132) :Pri:ERREUR: Erreur mysql 1146
May 08 09:32:32 ::1 (pid 7132) :Pri:ERREUR: Table 'uxd.uxd_syndic' doesn't exist - SHOW CREATE TABLE `uxd_syndic`
May 08 09:32:32 ::1 (pid 7132) :Pri:ERREUR: Erreur mysql 1146
May 08 09:32:32 ::1 (pid 7132) :Pri:ERREUR: Table 'uxd.uxd_syndic_articles' doesn't exist - SHOW CREATE TABLE `uxd_syndic_articles`
May 08 09:32:32 ::1 (pid 7132) :Pri:ERREUR: Erreur mysql 1146
May 08 09:32:32 ::1 (pid 7132) :Pri:ERREUR: Table 'uxd.uxd_depots' doesn't exist - SHOW CREATE TABLE `uxd_depots`
May 08 09:32:32 ::1 (pid 7132) :Pri:ERREUR: Erreur mysql 1146
May 08 09:32:32 ::1 (pid 7132) :Pri:ERREUR: Table 'uxd.uxd_plugins' doesn't exist - SHOW CREATE TABLE `uxd_plugins`
May 08 09:32:32 ::1 (pid 7132) :Pri:ERREUR: Erreur mysql 1146
May 08 10:05:48 ::1 (pid 7132) :Pri:ERREUR: fonction execute_pipeline_notifications_destinataires absente : pipeline desactive
May 08 10:06:33 ::1 (pid 7132) :Pri:ERREUR: fonction execute_pipeline_notifications_destinataires absente : pipeline desactive
May 08 14:08:41 ::1 (pid 7132) :Pri:ERREUR: fonction execute_pipeline_notifications_destinataires absente : pipeline desactive
May 08 15:06:51 ::1 (pid 7132) :Pri:ERREUR: fonction execute_pipeline_notifications_destinataires absente : pipeline desactive
May 08 15:07:03 ::1 (pid 7132) :Pri:ERREUR: fonction execute_pipeline_notifications_destinataires absente : pipeline desactive
May 08 15:07:08 ::1 (pid 7132) :Pri:ERREUR: fonction execute_pipeline_notifications_destinataires absente : pipeline desactive
May 08 15:07:12 ::1 (pid 7132) :Pri:ERREUR: fonction execute_pipeline_notifications_destinataires absente : pipeline desactive
May 10 12:24:38 ::1 (pid 2928) :Pub:!INFO: Entree 1/1/article supprimee dans la table spip_auteurs_liens
May 10 13:51:55 ::1 (pid 2928) :Pri:ERREUR: fonction execute_pipeline_notifications_destinataires absente : pipeline desactive
May 10 13:57:14 ::1 (pid 2928) :Pri:ERREUR: fonction execute_pipeline_notifications_destinataires absente : pipeline desactive
May 10 13:57:16 ::1 (pid 2928) :Pri:ERREUR: fonction execute_pipeline_notifications_destinataires absente : pipeline desactive
May 10 13:57:19 ::1 (pid 2928) :Pri:ERREUR: fonction execute_pipeline_notifications_destinataires absente : pipeline desactive
May 10 13:57:21 ::1 (pid 2928) :Pri:ERREUR: fonction execute_pipeline_notifications_destinataires absente : pipeline desactive
May 10 13:57:24 ::1 (pid 2928) :Pri:ERREUR: fonction execute_pipeline_notifications_destinataires absente : pipeline desactive
May 10 13:57:27 ::1 (pid 2928) :Pri:ERREUR: fonction execute_pipeline_notifications_destinataires absente : pipeline desactive
May 10 14:30:32 ::1 (pid 2928) :Pri:ERREUR: fonction execute_pipeline_notifications_destinataires absente : pipeline desactive
May 10 14:30:35 ::1 (pid 2928) :Pri:ERREUR: fonction execute_pipeline_notifications_destinataires absente : pipeline desactive
May 10 14:30:37 ::1 (pid 2928) :Pri:ERREUR: fonction execute_pipeline_notifications_destinataires absente : pipeline desactive
May 10 20:43:54 ::1 (pid 2928) :Pri:ERREUR: fonction execute_pipeline_notifications_destinataires absente : pipeline desactive
May 10 20:44:34 ::1 (pid 2928) :Pri:ERREUR: fonction execute_pipeline_notifications_destinataires absente : pipeline desactive
May 11 07:48:30 ::1 (pid 2928) :Pri:ERREUR: fonction execute_pipeline_notifications_destinataires absente : pipeline desactive
May 11 07:49:01 ::1 (pid 2928) :Pri:ERREUR: fonction execute_pipeline_notifications_destinataires absente : pipeline desactive
May 11 07:49:28 ::1 (pid 2928) :Pri:ERREUR: fonction execute_pipeline_notifications_destinataires absente : pipeline desactive
